Using pre-set license
Built from '2021.3/staging' branch; Version is '2021.3.1f1 (3b70a0754835) revision 3895456'; Using compiler version '192829333'; Build Type 'Release'
OS: 'Windows 11  (10.0.22631) 64bit ProfessionalWorkstation' Language: 'en' Physical Memory: 65183 MB
BatchMode: 1, IsHumanControllingUs: 0, StartBugReporterOnCrash: 0, Is64bit: 1, IsPro: 1

COMMAND LINE ARGUMENTS:
C:\Program Files\Unity\Hub\Editor\2021.3.1f1\Editor\Unity.exe
-adb2
-batchMode
-noUpm
-name
AssetImportWorker24
-projectPath
D:/Users/Student/Aravind/F1 Circuit/VRproject/VR_Project
-logFile
Logs/AssetImportWorker24.log
-srvPort
56365
Successfully changed project path to: D:/Users/Student/Aravind/F1 Circuit/VRproject/VR_Project
D:/Users/Student/Aravind/F1 Circuit/VRproject/VR_Project
[UnityMemory] Configuration Parameters - Can be set up in boot.config
    "memorysetup-bucket-allocator-granularity=16"
    "memorysetup-bucket-allocator-bucket-count=8"
    "memorysetup-bucket-allocator-block-size=33554432"
    "memorysetup-bucket-allocator-block-count=8"
    "memorysetup-main-allocator-block-size=16777216"
    "memorysetup-thread-allocator-block-size=16777216"
    "memorysetup-gfx-main-allocator-block-size=16777216"
    "memorysetup-gfx-thread-allocator-block-size=16777216"
    "memorysetup-cache-allocator-block-size=4194304"
    "memorysetup-typetree-allocator-block-size=2097152"
    "memorysetup-profiler-bucket-allocator-granularity=16"
    "memorysetup-profiler-bucket-allocator-bucket-count=8"
    "memorysetup-profiler-bucket-allocator-block-size=33554432"
    "memorysetup-profiler-bucket-allocator-block-count=8"
    "memorysetup-profiler-allocator-block-size=16777216"
    "memorysetup-profiler-editor-allocator-block-size=1048576"
    "memorysetup-temp-allocator-size-main=16777216"
    "memorysetup-job-temp-allocator-block-size=2097152"
    "memorysetup-job-temp-allocator-block-size-background=1048576"
    "memorysetup-job-temp-allocator-reduction-small-platforms=262144"
    "memorysetup-temp-allocator-size-background-worker=32768"
    "memorysetup-temp-allocator-size-job-worker=262144"
    "memorysetup-temp-allocator-size-preload-manager=33554432"
    "memorysetup-temp-allocator-size-nav-mesh-worker=65536"
    "memorysetup-temp-allocator-size-audio-worker=65536"
    "memorysetup-temp-allocator-size-cloud-worker=32768"
    "memorysetup-temp-allocator-size-gi-baking-worker=262144"
    "memorysetup-temp-allocator-size-gfx=262144"
Refreshing native plugins compatible for Editor in 189.47 ms, found 12 plugins.
Preloading 1 native plugins for Editor in 1.26 ms.
Initialize engine version: 2021.3.1f1 (3b70a0754835)
[Subsystems] Discovering subsystems at path C:/Program Files/Unity/Hub/Editor/2021.3.1f1/Editor/Data/Resources/UnitySubsystems
[Subsystems] Discovering subsystems at path D:/Users/Student/Aravind/F1 Circuit/VRproject/VR_Project/Assets
GfxDevice: creating device client; threaded=0; jobified=0
Direct3D:
    Version:  Direct3D 11.0 [level 11.1]
    Renderer: NVIDIA GeForce RTX 3080 (ID=0x2216)
    Vendor:   NVIDIA
    VRAM:     10053 MB
    Driver:   32.0.15.6614
Initialize mono
Mono path[0] = 'C:/Program Files/Unity/Hub/Editor/2021.3.1f1/Editor/Data/Managed'
Mono path[1] = 'C:/Program Files/Unity/Hub/Editor/2021.3.1f1/Editor/Data/MonoBleedingEdge/lib/mono/unityjit-win32'
Mono config path = 'C:/Program Files/Unity/Hub/Editor/2021.3.1f1/Editor/Data/MonoBleedingEdge/etc'
Using monoOptions --debugger-agent=transport=dt_socket,embedding=1,server=y,suspend=n,address=127.0.0.1:56820
Begin MonoManager ReloadAssembly
Registering precompiled unity dll's ...
Register platform support module: C:/Program Files/Unity/Hub/Editor/2021.3.1f1/Editor/Data/PlaybackEngines/AndroidPlayer/UnityEditor.Android.Extensions.dll
Register platform support module: C:/Program Files/Unity/Hub/Editor/2021.3.1f1/Editor/Data/PlaybackEngines/WindowsStandaloneSupport/UnityEditor.WindowsStandalone.Extensions.dll
Registered in 0.008257 seconds.
Native extension for WindowsStandalone target not found
Native extension for Android target not found
Refreshing native plugins compatible for Editor in 177.15 ms, found 12 plugins.
Preloading 1 native plugins for Editor in 0.08 ms.
Mono: successfully reloaded assembly
- Completed reload, in  0.933 seconds
Domain Reload Profiling:
	ReloadAssembly (934ms)
		BeginReloadAssembly (98ms)
			ExecutionOrderSort (0ms)
			DisableScriptedObjects (0ms)
			BackupInstance (0ms)
			ReleaseScriptingObjects (0ms)
			CreateAndSetChildDomain (1ms)
		EndReloadAssembly (689ms)
			LoadAssemblies (96ms)
			RebuildTransferFunctionScriptingTraits (0ms)
			SetupTypeCache (148ms)
			ReleaseScriptCaches (0ms)
			RebuildScriptCaches (36ms)
			SetupLoadedEditorAssemblies (438ms)
				LogAssemblyErrors (0ms)
				InitializePlatformSupportModulesInManaged (74ms)
				SetLoadedEditorAssemblies (0ms)
				RefreshPlugins (177ms)
				BeforeProcessingInitializeOnLoad (2ms)
				ProcessInitializeOnLoadAttributes (126ms)
				ProcessInitializeOnLoadMethodAttributes (58ms)
				AfterProcessingInitializeOnLoad (0ms)
				EditorAssembliesLoaded (0ms)
			ExecutionOrderSort2 (0ms)
			AwakeInstancesAfterBackupRestoration (0ms)
Platform modules already initialized, skipping
Registering precompiled user dll's ...
Registered in 0.010015 seconds.
Android Extension - Scanning For ADB Devices 702 ms
Begin MonoManager ReloadAssembly
Symbol file LoadedFromMemory doesn't match image D:\Users\Student\Aravind\F1 Circuit\VRproject\VR_Project\Library\PackageCache\com.unity.visualscripting@1.7.6\Editor\VisualScripting.Core\Dependencies\DotNetZip\Unity.VisualScripting.IonicZip.dll
Symbol file LoadedFromMemory doesn't match image D:\Users\Student\Aravind\F1 Circuit\VRproject\VR_Project\Library\PackageCache\com.unity.visualscripting@1.7.6\Editor\VisualScripting.Core\Dependencies\YamlDotNet\Unity.VisualScripting.YamlDotNet.dll
Symbol file LoadedFromMemory is not a mono symbol file
Native extension for WindowsStandalone target not found
Native extension for Android target not found
Refreshing native plugins compatible for Editor in 180.40 ms, found 12 plugins.
Preloading 1 native plugins for Editor in 0.08 ms.
Package Manager log level set to [2]
System.Reflection.TargetInvocationException: Exception has been thrown by the target of an invocation. ---> System.NullReferenceException: Object reference not set to an instance of an object
  at Unity.XR.Oculus.OculusLoader.AssetPathToAbsolutePath (System.String assetPath) [0x0003d] in D:\Users\Student\Aravind\F1 Circuit\VRproject\VR_Project\Library\PackageCache\com.unity.xr.oculus@3.0.2\Runtime\OculusLoader.cs:271 
  at Unity.XR.Oculus.OculusLoader.EditorLoadOVRPlugin () [0x0007b] in D:\Users\Student\Aravind\F1 Circuit\VRproject\VR_Project\Library\PackageCache\com.unity.xr.oculus@3.0.2\Runtime\OculusLoader.cs:256 
  at (wrapper managed-to-native) System.Reflection.RuntimeMethodInfo.InternalInvoke(System.Reflection.RuntimeMethodInfo,object,object[],System.Exception&)
  at System.Reflection.RuntimeMethodInfo.Invoke (System.Object obj, System.Reflection.BindingFlags invokeAttr, System.Reflection.Binder binder, System.Object[] parameters, System.Globalization.CultureInfo culture) [0x0006a] in <6073cf49ed704e958b8a66d540dea948>:0 
   --- End of inner exception stack trace ---
  at System.Reflection.RuntimeMethodInfo.Invoke (System.Object obj, System.Reflection.BindingFlags invokeAttr, System.Reflection.Binder binder, System.Object[] parameters, System.Globalization.CultureInfo culture) [0x00083] in <6073cf49ed704e958b8a66d540dea948>:0 
  at System.Reflection.MethodBase.Invoke (System.Object obj, System.Object[] parameters) [0x00000] in <6073cf49ed704e958b8a66d540dea948>:0 
  at UnityEditor.EditorAssemblies.ProcessInitializeOnLoadMethodAttributes () [0x000a5] in <1135c66e5f4c41a7831fa5798849d8b6>:0 
UnityEngine.StackTraceUtility:ExtractStackTrace ()
UnityEngine.DebugLogHandler:LogFormat (UnityEngine.LogType,UnityEngine.Object,string,object[])
UnityEngine.Logger:Log (UnityEngine.LogType,object)
UnityEngine.Debug:LogError (object)
UnityEditor.EditorAssemblies:ProcessInitializeOnLoadMethodAttributes ()

Mono: successfully reloaded assembly
- Completed reload, in  2.115 seconds
Domain Reload Profiling:
	ReloadAssembly (2116ms)
		BeginReloadAssembly (157ms)
			ExecutionOrderSort (0ms)
			DisableScriptedObjects (7ms)
			BackupInstance (0ms)
			ReleaseScriptingObjects (0ms)
			CreateAndSetChildDomain (37ms)
		EndReloadAssembly (1807ms)
			LoadAssemblies (144ms)
			RebuildTransferFunctionScriptingTraits (0ms)
			SetupTypeCache (437ms)
			ReleaseScriptCaches (1ms)
			RebuildScriptCaches (97ms)
			SetupLoadedEditorAssemblies (1071ms)
				LogAssemblyErrors (0ms)
				InitializePlatformSupportModulesInManaged (17ms)
				SetLoadedEditorAssemblies (0ms)
				RefreshPlugins (181ms)
				BeforeProcessingInitializeOnLoad (185ms)
				ProcessInitializeOnLoadAttributes (552ms)
				ProcessInitializeOnLoadMethodAttributes (128ms)
				AfterProcessingInitializeOnLoad (9ms)
				EditorAssembliesLoaded (0ms)
			ExecutionOrderSort2 (0ms)
			AwakeInstancesAfterBackupRestoration (7ms)
Platform modules already initialized, skipping
========================================================================
Worker process is ready to serve import requests
Launched and connected shader compiler UnityShaderCompiler.exe after 0.05 seconds
Refreshing native plugins compatible for Editor in 1.86 ms, found 12 plugins.
Preloading 1 native plugins for Editor in 0.09 ms.
Unloading 6171 Unused Serialized files (Serialized files now loaded: 0)
Unloading 59 unused Assets / (0.7 MB). Loaded Objects now: 6639.
Memory consumption went from 289.0 MB to 288.3 MB.
Total: 6.611800 ms (FindLiveObjects: 0.728300 ms CreateObjectMapping: 0.717400 ms MarkObjects: 4.695900 ms  DeleteObjects: 0.468900 ms)

AssetImportParameters requested are different than current active one (requested -> active):
  custom:video-decoder-ogg-theora: a1e56fd34408186e4bbccfd4996cb3dc -> 
  custom:container-muxer-webm: aa71ff27fc2769a1b78a27578f13a17b -> 
  custom:container-demuxer-webm: 4f35f7cbe854078d1ac9338744f61a02 -> 
  custom:video-encoder-webm-vp8: eb34c28f22e8b96e1ab97ce403110664 -> 
  custom:video-codec-MediaFoundation-h265: 746d11721c4dcdbdad8f713fa42b33f4 -> 
  custom:audio-encoder-webm-vorbis: bf7c407c2cedff20999df2af8eb42d56 -> 
  custom:framework-win-MediaFoundation: 216162199b28c13a410421893ffa2e32 -> 
  custom:container-demuxer-ogg: 62fdf1f143b41e24485cea50d1cbac27 -> 
  custom:video-decoder-webm-vp8: 9c59270c3fd7afecdb556c50c9e8de78 -> 
  custom:audio-decoder-ogg-vorbis: bf7c407c2cedff20999df2af8eb42d56 -> 
========================================================================
Received Import Request.
  Time since last request: 1115497.827782 seconds.
  path: Assets/JaneArtWork/Halloween Free Pack/Materials
  artifactKey: Guid(950bead9f7cef9c47ba612ff26ec3ecc) Importer(815301076,1909f56bfc062723c751e8b465ee728b)
Start importing Assets/JaneArtWork/Halloween Free Pack/Materials using Guid(950bead9f7cef9c47ba612ff26ec3ecc) Importer(815301076,1909f56bfc062723c751e8b465ee728b)  -> (artifact id: '317225bdbacfdfa805d7f59a8c87e50d') in 0.023033 seconds 
========================================================================
Received Import Request.
  Time since last request: 0.046015 seconds.
  path: Assets/JaneArtWork/Halloween Free Pack/Materials/Black.mat
  artifactKey: Guid(09dd479d70ac3724abe53dab39d7ea50) Importer(815301076,1909f56bfc062723c751e8b465ee728b)
Start importing Assets/JaneArtWork/Halloween Free Pack/Materials/Black.mat using Guid(09dd479d70ac3724abe53dab39d7ea50) Importer(815301076,1909f56bfc062723c751e8b465ee728b)  -> (artifact id: '9d8d492405eb208ee460c309e1d39c76') in 0.150673 seconds 
========================================================================
Received Import Request.
  Time since last request: 0.000031 seconds.
  path: Assets/JaneArtWork/Halloween Free Pack/Materials/concrete_wall_006.mat
  artifactKey: Guid(24e7383c65bef9045be118cdceaf7fec) Importer(815301076,1909f56bfc062723c751e8b465ee728b)
Start importing Assets/JaneArtWork/Halloween Free Pack/Materials/concrete_wall_006.mat using Guid(24e7383c65bef9045be118cdceaf7fec) Importer(815301076,1909f56bfc062723c751e8b465ee728b)  -> (artifact id: 'c84cf32519c0c1562b44b9a7ae35b25c') in 0.049737 seconds 
========================================================================
Received Import Request.
  Time since last request: 69.994574 seconds.
  path: Assets/Laterns and candles/Sprites/green_flame.tif
  artifactKey: Guid(8098d30c44947294d839407359d24c77) Importer(815301076,1909f56bfc062723c751e8b465ee728b)
Start importing Assets/Laterns and candles/Sprites/green_flame.tif using Guid(8098d30c44947294d839407359d24c77) Importer(815301076,1909f56bfc062723c751e8b465ee728b)  -> (artifact id: 'be5297ac846abbdabda3c3c1b939e714') in 0.298955 seconds 
========================================================================
Received Import Request.
  Time since last request: 0.000035 seconds.
  path: Assets/Laterns and candles/Sprites/red_flame.tif
  artifactKey: Guid(e467a7f7b7a4a714db7da4a6ada82425) Importer(815301076,1909f56bfc062723c751e8b465ee728b)
Start importing Assets/Laterns and candles/Sprites/red_flame.tif using Guid(e467a7f7b7a4a714db7da4a6ada82425) Importer(815301076,1909f56bfc062723c751e8b465ee728b)  -> (artifact id: 'bd406931336243e35fd4cb99577c870a') in 0.250535 seconds 
========================================================================
Received Import Request.
  Time since last request: 20.282626 seconds.
  path: Assets/Laterns and candles/textures/Candle [Albedo].png
  artifactKey: Guid(77669392726e9a04095c087eed8b533a) Importer(815301076,1909f56bfc062723c751e8b465ee728b)
Start importing Assets/Laterns and candles/textures/Candle [Albedo].png using Guid(77669392726e9a04095c087eed8b533a) Importer(815301076,1909f56bfc062723c751e8b465ee728b)  -> (artifact id: '935e801b672d858a842a99e469855feb') in 0.050519 seconds 
========================================================================
Received Import Request.
  Time since last request: 0.000038 seconds.
  path: Assets/Laterns and candles/textures/Candle emission.png
  artifactKey: Guid(f3987315d65d54948bf8f409601d7f60) Importer(815301076,1909f56bfc062723c751e8b465ee728b)
Start importing Assets/Laterns and candles/textures/Candle emission.png using Guid(f3987315d65d54948bf8f409601d7f60) Importer(815301076,1909f56bfc062723c751e8b465ee728b)  -> (artifact id: 'b0f8f37736eaa2a89a3151d4d8be423e') in 0.021996 seconds 
========================================================================
Received Import Request.
  Time since last request: 0.000044 seconds.
  path: Assets/Laterns and candles/textures/LampPostWaLL [Normal].png
  artifactKey: Guid(5ca9b7fd68e98c448967172681179979) Importer(815301076,1909f56bfc062723c751e8b465ee728b)
Start importing Assets/Laterns and candles/textures/LampPostWaLL [Normal].png using Guid(5ca9b7fd68e98c448967172681179979) Importer(815301076,1909f56bfc062723c751e8b465ee728b)  -> (artifact id: '5a889c428a48ba01e434e11b3f5974cd') in 0.031409 seconds 
========================================================================
Received Import Request.
  Time since last request: 0.000028 seconds.
  path: Assets/Laterns and candles/textures/Glass2 [Normal].png
  artifactKey: Guid(fe2ad94daa0a12a4da4b1068441f64a9) Importer(815301076,1909f56bfc062723c751e8b465ee728b)
Start importing Assets/Laterns and candles/textures/Glass2 [Normal].png using Guid(fe2ad94daa0a12a4da4b1068441f64a9) Importer(815301076,1909f56bfc062723c751e8b465ee728b)  -> (artifact id: '323929e72ef22b6663c29ce0cff548fa') in 0.019581 seconds 
========================================================================
Received Import Request.
  Time since last request: 0.000034 seconds.
  path: Assets/Laterns and candles/textures/chandelier [Albedo].png
  artifactKey: Guid(393bfb2b1fe18cf499e9f1ff5615fc2a) Importer(815301076,1909f56bfc062723c751e8b465ee728b)
Start importing Assets/Laterns and candles/textures/chandelier [Albedo].png using Guid(393bfb2b1fe18cf499e9f1ff5615fc2a) Importer(815301076,1909f56bfc062723c751e8b465ee728b)  -> (artifact id: 'f5eb6062bb9206714c7d6f185e76e21c') in 0.027734 seconds 
========================================================================
Received Import Request.
  Time since last request: 0.000028 seconds.
  path: Assets/Laterns and candles/textures/Candle2 emission.png
  artifactKey: Guid(6545dea8da10a374f899fc0228757015) Importer(815301076,1909f56bfc062723c751e8b465ee728b)
Start importing Assets/Laterns and candles/textures/Candle2 emission.png using Guid(6545dea8da10a374f899fc0228757015) Importer(815301076,1909f56bfc062723c751e8b465ee728b)  -> (artifact id: '6bfa41aa3267a2073d2a82f315823af7') in 0.018829 seconds 
========================================================================
Received Import Request.
  Time since last request: 0.000034 seconds.
  path: Assets/Laterns and candles/textures/Candle3_blueEmission.png
  artifactKey: Guid(e8402a70e478d0e4c89f76d5ca018e13) Importer(815301076,1909f56bfc062723c751e8b465ee728b)
Start importing Assets/Laterns and candles/textures/Candle3_blueEmission.png using Guid(e8402a70e478d0e4c89f76d5ca018e13) Importer(815301076,1909f56bfc062723c751e8b465ee728b)  -> (artifact id: '1dcd49c196e2928d8cf78dffa3f0a7ad') in 0.025853 seconds 
========================================================================
Received Import Request.
  Time since last request: 0.000027 seconds.
  path: Assets/Laterns and candles/textures/Lattice [Albedo].png
  artifactKey: Guid(2c13fcfe313a99441a58728ebac3d0e9) Importer(815301076,1909f56bfc062723c751e8b465ee728b)
Start importing Assets/Laterns and candles/textures/Lattice [Albedo].png using Guid(2c13fcfe313a99441a58728ebac3d0e9) Importer(815301076,1909f56bfc062723c751e8b465ee728b)  -> (artifact id: 'e9efc189be1ed450eeb780de11deef17') in 0.019953 seconds 
========================================================================
Received Import Request.
  Time since last request: 0.000033 seconds.
  path: Assets/Laterns and candles/textures/candlestick [Albedo].png
  artifactKey: Guid(90fb4d2695f0ed14682bd476db425b63) Importer(815301076,1909f56bfc062723c751e8b465ee728b)
Start importing Assets/Laterns and candles/textures/candlestick [Albedo].png using Guid(90fb4d2695f0ed14682bd476db425b63) Importer(815301076,1909f56bfc062723c751e8b465ee728b)  -> (artifact id: '0f1982ed3bb233128e93828e1fa1b33b') in 0.018936 seconds 
========================================================================
Received Import Request.
  Time since last request: 0.000036 seconds.
  path: Assets/Laterns and candles/textures/CarvedLampPost2 [Albedo].png
  artifactKey: Guid(1f35c83ac2332574aae42ce893a0d133) Importer(815301076,1909f56bfc062723c751e8b465ee728b)
Start importing Assets/Laterns and candles/textures/CarvedLampPost2 [Albedo].png using Guid(1f35c83ac2332574aae42ce893a0d133) Importer(815301076,1909f56bfc062723c751e8b465ee728b)  -> (artifact id: 'a2196a35e0f7caf2f9b10d66a9a69d98') in 0.018728 seconds 
========================================================================
Received Import Request.
  Time since last request: 0.000028 seconds.
  path: Assets/Laterns and candles/textures/candlestick_wall [Albedo].png
  artifactKey: Guid(b5cb6487340b3e140b0269f2edb8d653) Importer(815301076,1909f56bfc062723c751e8b465ee728b)
Start importing Assets/Laterns and candles/textures/candlestick_wall [Albedo].png using Guid(b5cb6487340b3e140b0269f2edb8d653) Importer(815301076,1909f56bfc062723c751e8b465ee728b)  -> (artifact id: '6317441a9688872802903f48efc33767') in 0.026980 seconds 
========================================================================
Received Import Request.
  Time since last request: 0.000026 seconds.
  path: Assets/Laterns and candles/textures/Latern [Albedo].png
  artifactKey: Guid(b821c237bc4f72b46b88946bb5dcb4f9) Importer(815301076,1909f56bfc062723c751e8b465ee728b)
Start importing Assets/Laterns and candles/textures/Latern [Albedo].png using Guid(b821c237bc4f72b46b88946bb5dcb4f9) Importer(815301076,1909f56bfc062723c751e8b465ee728b)  -> (artifact id: '768366023b6b1cfb51f193f33a649f84') in 0.020923 seconds 
========================================================================
Received Import Request.
  Time since last request: 0.000031 seconds.
  path: Assets/Laterns and candles/textures/LampPost [Specular].tif
  artifactKey: Guid(cc4b2301e9c21ca478bce007107b42d5) Importer(815301076,1909f56bfc062723c751e8b465ee728b)
Start importing Assets/Laterns and candles/textures/LampPost [Specular].tif using Guid(cc4b2301e9c21ca478bce007107b42d5) Importer(815301076,1909f56bfc062723c751e8b465ee728b)  -> (artifact id: 'b3792cf17ab06191c22098fa9f3ca9d7') in 0.021349 seconds 
========================================================================
Received Import Request.
  Time since last request: 0.000028 seconds.
  path: Assets/Laterns and candles/textures/Latern5 [Specular].tif
  artifactKey: Guid(1ffad570bb0c5f241b3193d441583c0f) Importer(815301076,1909f56bfc062723c751e8b465ee728b)
Start importing Assets/Laterns and candles/textures/Latern5 [Specular].tif using Guid(1ffad570bb0c5f241b3193d441583c0f) Importer(815301076,1909f56bfc062723c751e8b465ee728b)  -> (artifact id: '7c02e4f37a61ee9550ac373f6727e90e') in 0.020840 seconds 
========================================================================
Received Import Request.
  Time since last request: 0.000031 seconds.
  path: Assets/Laterns and candles/textures/CarvedLampPost2 [Specular].tif
  artifactKey: Guid(d12d4b4596e1af848a9ba0f3f003a66f) Importer(815301076,1909f56bfc062723c751e8b465ee728b)
Start importing Assets/Laterns and candles/textures/CarvedLampPost2 [Specular].tif using Guid(d12d4b4596e1af848a9ba0f3f003a66f) Importer(815301076,1909f56bfc062723c751e8b465ee728b)  -> (artifact id: '316806e0360d3d1df80cc3a237ef24da') in 0.021127 seconds 
========================================================================
Received Import Request.
  Time since last request: 0.000032 seconds.
  path: Assets/Laterns and candles/textures/Candle3_Emission.png
  artifactKey: Guid(e021051f746d881459b36adb6f6f4622) Importer(815301076,1909f56bfc062723c751e8b465ee728b)
Start importing Assets/Laterns and candles/textures/Candle3_Emission.png using Guid(e021051f746d881459b36adb6f6f4622) Importer(815301076,1909f56bfc062723c751e8b465ee728b)  -> (artifact id: '43d26ac045ec575198db8b57a736bded') in 0.020052 seconds 
========================================================================
Received Import Request.
  Time since last request: 0.000038 seconds.
  path: Assets/Laterns and candles/textures/Candle emission_blue 1.png
  artifactKey: Guid(95da4a33523967a429a3bf4ff71ced48) Importer(815301076,1909f56bfc062723c751e8b465ee728b)
Start importing Assets/Laterns and candles/textures/Candle emission_blue 1.png using Guid(95da4a33523967a429a3bf4ff71ced48) Importer(815301076,1909f56bfc062723c751e8b465ee728b)  -> (artifact id: '086695daf28a9dd6a7ac0f32947f6a22') in 0.025493 seconds 
========================================================================
Received Import Request.
  Time since last request: 0.000027 seconds.
  path: Assets/Laterns and candles/textures/CarvedLampPost [Specular].tif
  artifactKey: Guid(93997d9efb46915458ae8da4dd7c9e8d) Importer(815301076,1909f56bfc062723c751e8b465ee728b)
Start importing Assets/Laterns and candles/textures/CarvedLampPost [Specular].tif using Guid(93997d9efb46915458ae8da4dd7c9e8d) Importer(815301076,1909f56bfc062723c751e8b465ee728b)  -> (artifact id: '22443bd48baa4a5e30a99eefeff6e35b') in 0.019244 seconds 
========================================================================
Received Import Request.
  Time since last request: 0.000029 seconds.
  path: Assets/Laterns and candles/textures/LampPost [Normal].png
  artifactKey: Guid(f481ca6f17839344581ad9db7c1c0246) Importer(815301076,1909f56bfc062723c751e8b465ee728b)
Start importing Assets/Laterns and candles/textures/LampPost [Normal].png using Guid(f481ca6f17839344581ad9db7c1c0246) Importer(815301076,1909f56bfc062723c751e8b465ee728b)  -> (artifact id: 'c06ab2039c9f05e9ec78a60f29c27cc0') in 0.020606 seconds 
========================================================================
Received Import Request.
  Time since last request: 0.000030 seconds.
  path: Assets/Laterns and candles/textures/candlestick [Normal].png
  artifactKey: Guid(47d9300afc0335a4aa30bb58d346e53b) Importer(815301076,1909f56bfc062723c751e8b465ee728b)
Start importing Assets/Laterns and candles/textures/candlestick [Normal].png using Guid(47d9300afc0335a4aa30bb58d346e53b) Importer(815301076,1909f56bfc062723c751e8b465ee728b)  -> (artifact id: '5904e5f1fde7790f15506b444d1fd965') in 0.018221 seconds 
========================================================================
Received Import Request.
  Time since last request: 0.000027 seconds.
  path: Assets/Laterns and candles/textures/Lustre [Normal].png
  artifactKey: Guid(61b16d527330bdf4a9e1125e4fc15c67) Importer(815301076,1909f56bfc062723c751e8b465ee728b)
Start importing Assets/Laterns and candles/textures/Lustre [Normal].png using Guid(61b16d527330bdf4a9e1125e4fc15c67) Importer(815301076,1909f56bfc062723c751e8b465ee728b)  -> (artifact id: '2b3e5a709c1fc1486f151e9ac3829777') in 0.019878 seconds 
========================================================================
Received Import Request.
  Time since last request: 0.000025 seconds.
  path: Assets/Laterns and candles/textures/Latern4 [Normal].png
  artifactKey: Guid(3267ac2ad410381479482265c7a8379c) Importer(815301076,1909f56bfc062723c751e8b465ee728b)
Start importing Assets/Laterns and candles/textures/Latern4 [Normal].png using Guid(3267ac2ad410381479482265c7a8379c) Importer(815301076,1909f56bfc062723c751e8b465ee728b)  -> (artifact id: 'abb0d2c13b7f3d95fea706df77b1d941') in 0.022668 seconds 
========================================================================
Received Import Request.
  Time since last request: 0.000031 seconds.
  path: Assets/Laterns and candles/textures/CarvedLampPost [Albedo].png
  artifactKey: Guid(fe360e8cd6fb08f4db6a59a22161a60c) Importer(815301076,1909f56bfc062723c751e8b465ee728b)
Start importing Assets/Laterns and candles/textures/CarvedLampPost [Albedo].png using Guid(fe360e8cd6fb08f4db6a59a22161a60c) Importer(815301076,1909f56bfc062723c751e8b465ee728b)  -> (artifact id: 'da06f03df945596104fa2f34f7848b79') in 0.020178 seconds 
========================================================================
Received Import Request.
  Time since last request: 0.000038 seconds.
  path: Assets/Laterns and candles/textures/Latern3 [Albedo].png
  artifactKey: Guid(2a7dd559d5a40074fb5444a8a72efad6) Importer(815301076,1909f56bfc062723c751e8b465ee728b)
Start importing Assets/Laterns and candles/textures/Latern3 [Albedo].png using Guid(2a7dd559d5a40074fb5444a8a72efad6) Importer(815301076,1909f56bfc062723c751e8b465ee728b)  -> (artifact id: '789f7e8c0d6dbe0d9bfa64bf55957139') in 0.022458 seconds 
========================================================================
Received Import Request.
  Time since last request: 0.000029 seconds.
  path: Assets/Laterns and candles/textures/candlestick_wall [Normal].png
  artifactKey: Guid(1dc7197b9448c3d499f1fd46f3ecaa60) Importer(815301076,1909f56bfc062723c751e8b465ee728b)
Start importing Assets/Laterns and candles/textures/candlestick_wall [Normal].png using Guid(1dc7197b9448c3d499f1fd46f3ecaa60) Importer(815301076,1909f56bfc062723c751e8b465ee728b)  -> (artifact id: '551691c53f124dcd5127e926fc0ca069') in 0.027724 seconds 
========================================================================
Received Import Request.
  Time since last request: 0.000097 seconds.
  path: Assets/Laterns and candles/textures/Glass3 [Normal].png
  artifactKey: Guid(00206b558d9a358438511cb4d5014466) Importer(815301076,1909f56bfc062723c751e8b465ee728b)
Start importing Assets/Laterns and candles/textures/Glass3 [Normal].png using Guid(00206b558d9a358438511cb4d5014466) Importer(815301076,1909f56bfc062723c751e8b465ee728b)  -> (artifact id: '93863394a9d334ed51e15aba1235fda4') in 0.021266 seconds 
========================================================================
Received Import Request.
  Time since last request: 0.000039 seconds.
  path: Assets/Laterns and candles/textures/Latern5 [Albedo].png
  artifactKey: Guid(21ba25856046e6944ab974c8af30660a) Importer(815301076,1909f56bfc062723c751e8b465ee728b)
Start importing Assets/Laterns and candles/textures/Latern5 [Albedo].png using Guid(21ba25856046e6944ab974c8af30660a) Importer(815301076,1909f56bfc062723c751e8b465ee728b)  -> (artifact id: 'e65f6690ff52b1f7db9af477490553c2') in 0.021134 seconds 
========================================================================
Received Import Request.
  Time since last request: 0.000028 seconds.
  path: Assets/Laterns and candles/textures/Candle emission_green.png
  artifactKey: Guid(e9dcea0376a985e40925fb4556b8287a) Importer(815301076,1909f56bfc062723c751e8b465ee728b)
Start importing Assets/Laterns and candles/textures/Candle emission_green.png using Guid(e9dcea0376a985e40925fb4556b8287a) Importer(815301076,1909f56bfc062723c751e8b465ee728b)  -> (artifact id: 'd1072746ed0f81eb4e8ae1f1493cbbce') in 0.026731 seconds 
========================================================================
Received Import Request.
  Time since last request: 0.000031 seconds.
  path: Assets/Laterns and candles/textures/Latern2 [Specular].tif
  artifactKey: Guid(4af55a2e9db758341b9990acd5cb7a27) Importer(815301076,1909f56bfc062723c751e8b465ee728b)
Start importing Assets/Laterns and candles/textures/Latern2 [Specular].tif using Guid(4af55a2e9db758341b9990acd5cb7a27) Importer(815301076,1909f56bfc062723c751e8b465ee728b)  -> (artifact id: 'c4599402226d6c46cdc19b15cbbc43f9') in 0.021638 seconds 
========================================================================
Received Import Request.
  Time since last request: 0.000034 seconds.
  path: Assets/Laterns and candles/textures/Lustre [Specular].tif
  artifactKey: Guid(52ddc59f6dc19cc459accd3a4d9fd684) Importer(815301076,1909f56bfc062723c751e8b465ee728b)
Start importing Assets/Laterns and candles/textures/Lustre [Specular].tif using Guid(52ddc59f6dc19cc459accd3a4d9fd684) Importer(815301076,1909f56bfc062723c751e8b465ee728b)  -> (artifact id: 'f730d3e1d1c112048f1859551d9ef72e') in 0.020464 seconds 
========================================================================
Received Import Request.
  Time since last request: 0.000039 seconds.
  path: Assets/Laterns and candles/textures/Latern2 [Normal].png
  artifactKey: Guid(17f4317bfae6ff544ab6cf01f2c65c61) Importer(815301076,1909f56bfc062723c751e8b465ee728b)
Start importing Assets/Laterns and candles/textures/Latern2 [Normal].png using Guid(17f4317bfae6ff544ab6cf01f2c65c61) Importer(815301076,1909f56bfc062723c751e8b465ee728b)  -> (artifact id: 'af309acd9f0ea8d72c7cda3bbf843090') in 0.022396 seconds 
========================================================================
Received Import Request.
  Time since last request: 0.000034 seconds.
  path: Assets/Laterns and candles/textures/chandelier [Normal].png
  artifactKey: Guid(2636ad4310111324e91cf0c665715d15) Importer(815301076,1909f56bfc062723c751e8b465ee728b)
Start importing Assets/Laterns and candles/textures/chandelier [Normal].png using Guid(2636ad4310111324e91cf0c665715d15) Importer(815301076,1909f56bfc062723c751e8b465ee728b)  -> (artifact id: 'bee39d16037a738bd94ceb479512b505') in 0.025952 seconds 
========================================================================
Received Import Request.
  Time since last request: 0.000031 seconds.
  path: Assets/Laterns and candles/textures/glass [Normal].png
  artifactKey: Guid(447d88049f478c8458968723d760ced3) Importer(815301076,1909f56bfc062723c751e8b465ee728b)
Start importing Assets/Laterns and candles/textures/glass [Normal].png using Guid(447d88049f478c8458968723d760ced3) Importer(815301076,1909f56bfc062723c751e8b465ee728b)  -> (artifact id: 'b01764630618175fb6d05bcaa23a8708') in 0.018827 seconds 
========================================================================
Received Import Request.
  Time since last request: 0.000030 seconds.
  path: Assets/Laterns and candles/textures/candlestick_wall [Specular].tif
  artifactKey: Guid(3d21931203b8d054c8496f0d02214ef7) Importer(815301076,1909f56bfc062723c751e8b465ee728b)
Start importing Assets/Laterns and candles/textures/candlestick_wall [Specular].tif using Guid(3d21931203b8d054c8496f0d02214ef7) Importer(815301076,1909f56bfc062723c751e8b465ee728b)  -> (artifact id: '16032628ccbe2b5ccde17fbbefca9dd9') in 0.028190 seconds 
========================================================================
Received Import Request.
  Time since last request: 0.000027 seconds.
  path: Assets/Laterns and candles/textures/Latern5 [Normal].png
  artifactKey: Guid(47dc268b0b8621f46b71f2d393047e8e) Importer(815301076,1909f56bfc062723c751e8b465ee728b)
Start importing Assets/Laterns and candles/textures/Latern5 [Normal].png using Guid(47dc268b0b8621f46b71f2d393047e8e) Importer(815301076,1909f56bfc062723c751e8b465ee728b)  -> (artifact id: 'fc29d98b36a34d19a10e7124f3e08713') in 0.020447 seconds 
Editor requested this worker to shutdown with reason: Scaling down because of idle timeout
AssetImportWorker is now disconnected from the server
Process exiting
Exiting without the bug reporter. Application will terminate with return code 0