Using pre-set license
Built from '2021.3/staging' branch; Version is '2021.3.1f1 (3b70a0754835) revision 3895456'; Using compiler version '192829333'; Build Type 'Release'
OS: 'Windows 11  (10.0.22631) 64bit ProfessionalWorkstation' Language: 'en' Physical Memory: 65183 MB
BatchMode: 1, IsHumanControllingUs: 0, StartBugReporterOnCrash: 0, Is64bit: 1, IsPro: 1

COMMAND LINE ARGUMENTS:
C:\Program Files\Unity\Hub\Editor\2021.3.1f1\Editor\Unity.exe
-adb2
-batchMode
-noUpm
-name
AssetImportWorker25
-projectPath
D:/Users/Student/Aravind/F1 Circuit/VRproject/VR_Project
-logFile
Logs/AssetImportWorker25.log
-srvPort
56365
Successfully changed project path to: D:/Users/Student/Aravind/F1 Circuit/VRproject/VR_Project
D:/Users/Student/Aravind/F1 Circuit/VRproject/VR_Project
[UnityMemory] Configuration Parameters - Can be set up in boot.config
    "memorysetup-bucket-allocator-granularity=16"
    "memorysetup-bucket-allocator-bucket-count=8"
    "memorysetup-bucket-allocator-block-size=33554432"
    "memorysetup-bucket-allocator-block-count=8"
    "memorysetup-main-allocator-block-size=16777216"
    "memorysetup-thread-allocator-block-size=16777216"
    "memorysetup-gfx-main-allocator-block-size=16777216"
    "memorysetup-gfx-thread-allocator-block-size=16777216"
    "memorysetup-cache-allocator-block-size=4194304"
    "memorysetup-typetree-allocator-block-size=2097152"
    "memorysetup-profiler-bucket-allocator-granularity=16"
    "memorysetup-profiler-bucket-allocator-bucket-count=8"
    "memorysetup-profiler-bucket-allocator-block-size=33554432"
    "memorysetup-profiler-bucket-allocator-block-count=8"
    "memorysetup-profiler-allocator-block-size=16777216"
    "memorysetup-profiler-editor-allocator-block-size=1048576"
    "memorysetup-temp-allocator-size-main=16777216"
    "memorysetup-job-temp-allocator-block-size=2097152"
    "memorysetup-job-temp-allocator-block-size-background=1048576"
    "memorysetup-job-temp-allocator-reduction-small-platforms=262144"
    "memorysetup-temp-allocator-size-background-worker=32768"
    "memorysetup-temp-allocator-size-job-worker=262144"
    "memorysetup-temp-allocator-size-preload-manager=33554432"
    "memorysetup-temp-allocator-size-nav-mesh-worker=65536"
    "memorysetup-temp-allocator-size-audio-worker=65536"
    "memorysetup-temp-allocator-size-cloud-worker=32768"
    "memorysetup-temp-allocator-size-gi-baking-worker=262144"
    "memorysetup-temp-allocator-size-gfx=262144"
Refreshing native plugins compatible for Editor in 187.86 ms, found 12 plugins.
Preloading 1 native plugins for Editor in 1.11 ms.
Initialize engine version: 2021.3.1f1 (3b70a0754835)
[Subsystems] Discovering subsystems at path C:/Program Files/Unity/Hub/Editor/2021.3.1f1/Editor/Data/Resources/UnitySubsystems
[Subsystems] Discovering subsystems at path D:/Users/Student/Aravind/F1 Circuit/VRproject/VR_Project/Assets
GfxDevice: creating device client; threaded=0; jobified=0
Direct3D:
    Version:  Direct3D 11.0 [level 11.1]
    Renderer: NVIDIA GeForce RTX 3080 (ID=0x2216)
    Vendor:   NVIDIA
    VRAM:     10053 MB
    Driver:   32.0.15.6614
Initialize mono
Mono path[0] = 'C:/Program Files/Unity/Hub/Editor/2021.3.1f1/Editor/Data/Managed'
Mono path[1] = 'C:/Program Files/Unity/Hub/Editor/2021.3.1f1/Editor/Data/MonoBleedingEdge/lib/mono/unityjit-win32'
Mono config path = 'C:/Program Files/Unity/Hub/Editor/2021.3.1f1/Editor/Data/MonoBleedingEdge/etc'
Using monoOptions --debugger-agent=transport=dt_socket,embedding=1,server=y,suspend=n,address=127.0.0.1:56980
Begin MonoManager ReloadAssembly
Registering precompiled unity dll's ...
Register platform support module: C:/Program Files/Unity/Hub/Editor/2021.3.1f1/Editor/Data/PlaybackEngines/AndroidPlayer/UnityEditor.Android.Extensions.dll
Register platform support module: C:/Program Files/Unity/Hub/Editor/2021.3.1f1/Editor/Data/PlaybackEngines/WindowsStandaloneSupport/UnityEditor.WindowsStandalone.Extensions.dll
Registered in 0.008294 seconds.
Native extension for WindowsStandalone target not found
Native extension for Android target not found
Refreshing native plugins compatible for Editor in 178.70 ms, found 12 plugins.
Preloading 1 native plugins for Editor in 0.09 ms.
Mono: successfully reloaded assembly
- Completed reload, in  0.926 seconds
Domain Reload Profiling:
	ReloadAssembly (927ms)
		BeginReloadAssembly (96ms)
			ExecutionOrderSort (0ms)
			DisableScriptedObjects (0ms)
			BackupInstance (0ms)
			ReleaseScriptingObjects (0ms)
			CreateAndSetChildDomain (1ms)
		EndReloadAssembly (685ms)
			LoadAssemblies (94ms)
			RebuildTransferFunctionScriptingTraits (0ms)
			SetupTypeCache (144ms)
			ReleaseScriptCaches (0ms)
			RebuildScriptCaches (36ms)
			SetupLoadedEditorAssemblies (437ms)
				LogAssemblyErrors (0ms)
				InitializePlatformSupportModulesInManaged (73ms)
				SetLoadedEditorAssemblies (0ms)
				RefreshPlugins (179ms)
				BeforeProcessingInitializeOnLoad (2ms)
				ProcessInitializeOnLoadAttributes (127ms)
				ProcessInitializeOnLoadMethodAttributes (56ms)
				AfterProcessingInitializeOnLoad (0ms)
				EditorAssembliesLoaded (0ms)
			ExecutionOrderSort2 (0ms)
			AwakeInstancesAfterBackupRestoration (0ms)
Platform modules already initialized, skipping
Registering precompiled user dll's ...
Registered in 0.010325 seconds.
Android Extension - Scanning For ADB Devices 712 ms
Begin MonoManager ReloadAssembly
Symbol file LoadedFromMemory doesn't match image D:\Users\Student\Aravind\F1 Circuit\VRproject\VR_Project\Library\PackageCache\com.unity.visualscripting@1.7.6\Editor\VisualScripting.Core\Dependencies\DotNetZip\Unity.VisualScripting.IonicZip.dll
Symbol file LoadedFromMemory doesn't match image D:\Users\Student\Aravind\F1 Circuit\VRproject\VR_Project\Library\PackageCache\com.unity.visualscripting@1.7.6\Editor\VisualScripting.Core\Dependencies\YamlDotNet\Unity.VisualScripting.YamlDotNet.dll
Symbol file LoadedFromMemory is not a mono symbol file
Native extension for WindowsStandalone target not found
Native extension for Android target not found
Refreshing native plugins compatible for Editor in 182.32 ms, found 12 plugins.
Preloading 1 native plugins for Editor in 0.07 ms.
Package Manager log level set to [2]
System.Reflection.TargetInvocationException: Exception has been thrown by the target of an invocation. ---> System.NullReferenceException: Object reference not set to an instance of an object
  at Unity.XR.Oculus.OculusLoader.AssetPathToAbsolutePath (System.String assetPath) [0x0003d] in D:\Users\Student\Aravind\F1 Circuit\VRproject\VR_Project\Library\PackageCache\com.unity.xr.oculus@3.0.2\Runtime\OculusLoader.cs:271 
  at Unity.XR.Oculus.OculusLoader.EditorLoadOVRPlugin () [0x0007b] in D:\Users\Student\Aravind\F1 Circuit\VRproject\VR_Project\Library\PackageCache\com.unity.xr.oculus@3.0.2\Runtime\OculusLoader.cs:256 
  at (wrapper managed-to-native) System.Reflection.RuntimeMethodInfo.InternalInvoke(System.Reflection.RuntimeMethodInfo,object,object[],System.Exception&)
  at System.Reflection.RuntimeMethodInfo.Invoke (System.Object obj, System.Reflection.BindingFlags invokeAttr, System.Reflection.Binder binder, System.Object[] parameters, System.Globalization.CultureInfo culture) [0x0006a] in <6073cf49ed704e958b8a66d540dea948>:0 
   --- End of inner exception stack trace ---
  at System.Reflection.RuntimeMethodInfo.Invoke (System.Object obj, System.Reflection.BindingFlags invokeAttr, System.Reflection.Binder binder, System.Object[] parameters, System.Globalization.CultureInfo culture) [0x00083] in <6073cf49ed704e958b8a66d540dea948>:0 
  at System.Reflection.MethodBase.Invoke (System.Object obj, System.Object[] parameters) [0x00000] in <6073cf49ed704e958b8a66d540dea948>:0 
  at UnityEditor.EditorAssemblies.ProcessInitializeOnLoadMethodAttributes () [0x000a5] in <1135c66e5f4c41a7831fa5798849d8b6>:0 
UnityEngine.StackTraceUtility:ExtractStackTrace ()
UnityEngine.DebugLogHandler:LogFormat (UnityEngine.LogType,UnityEngine.Object,string,object[])
UnityEngine.Logger:Log (UnityEngine.LogType,object)
UnityEngine.Debug:LogError (object)
UnityEditor.EditorAssemblies:ProcessInitializeOnLoadMethodAttributes ()

Mono: successfully reloaded assembly
- Completed reload, in  2.074 seconds
Domain Reload Profiling:
	ReloadAssembly (2075ms)
		BeginReloadAssembly (155ms)
			ExecutionOrderSort (0ms)
			DisableScriptedObjects (7ms)
			BackupInstance (0ms)
			ReleaseScriptingObjects (0ms)
			CreateAndSetChildDomain (36ms)
		EndReloadAssembly (1774ms)
			LoadAssemblies (140ms)
			RebuildTransferFunctionScriptingTraits (0ms)
			SetupTypeCache (427ms)
			ReleaseScriptCaches (1ms)
			RebuildScriptCaches (99ms)
			SetupLoadedEditorAssemblies (1046ms)
				LogAssemblyErrors (0ms)
				InitializePlatformSupportModulesInManaged (17ms)
				SetLoadedEditorAssemblies (0ms)
				RefreshPlugins (182ms)
				BeforeProcessingInitializeOnLoad (181ms)
				ProcessInitializeOnLoadAttributes (531ms)
				ProcessInitializeOnLoadMethodAttributes (125ms)
				AfterProcessingInitializeOnLoad (9ms)
				EditorAssembliesLoaded (0ms)
			ExecutionOrderSort2 (0ms)
			AwakeInstancesAfterBackupRestoration (9ms)
Platform modules already initialized, skipping
========================================================================
Worker process is ready to serve import requests
Launched and connected shader compiler UnityShaderCompiler.exe after 0.05 seconds
Refreshing native plugins compatible for Editor in 1.84 ms, found 12 plugins.
Preloading 1 native plugins for Editor in 0.08 ms.
Unloading 6171 Unused Serialized files (Serialized files now loaded: 0)
Unloading 59 unused Assets / (0.7 MB). Loaded Objects now: 6639.
Memory consumption went from 289.0 MB to 288.3 MB.
Total: 6.671500 ms (FindLiveObjects: 0.732900 ms CreateObjectMapping: 0.679100 ms MarkObjects: 4.793000 ms  DeleteObjects: 0.465500 ms)

AssetImportParameters requested are different than current active one (requested -> active):
  custom:video-decoder-ogg-theora: a1e56fd34408186e4bbccfd4996cb3dc -> 
  custom:container-muxer-webm: aa71ff27fc2769a1b78a27578f13a17b -> 
  custom:container-demuxer-webm: 4f35f7cbe854078d1ac9338744f61a02 -> 
  custom:video-encoder-webm-vp8: eb34c28f22e8b96e1ab97ce403110664 -> 
  custom:video-codec-MediaFoundation-h265: 746d11721c4dcdbdad8f713fa42b33f4 -> 
  custom:audio-encoder-webm-vorbis: bf7c407c2cedff20999df2af8eb42d56 -> 
  custom:framework-win-MediaFoundation: 216162199b28c13a410421893ffa2e32 -> 
  custom:container-demuxer-ogg: 62fdf1f143b41e24485cea50d1cbac27 -> 
  custom:video-decoder-webm-vp8: 9c59270c3fd7afecdb556c50c9e8de78 -> 
  custom:audio-decoder-ogg-vorbis: bf7c407c2cedff20999df2af8eb42d56 -> 
========================================================================
Received Import Request.
  Time since last request: 1115555.901563 seconds.
  path: Assets/Laterns and candles/Shaders
  artifactKey: Guid(194c5f733c7534ed790e101791e86518) Importer(815301076,1909f56bfc062723c751e8b465ee728b)
Start importing Assets/Laterns and candles/Shaders using Guid(194c5f733c7534ed790e101791e86518) Importer(815301076,1909f56bfc062723c751e8b465ee728b)  -> (artifact id: '78d3904afb274446d341041c196c94d0') in 0.014758 seconds 
========================================================================
Received Import Request.
  Time since last request: 2.001930 seconds.
  path: Assets/Laterns and candles/Shaders/GlassStainedBumpDistort.shader
  artifactKey: Guid(963484209d11fd7f110076aa44295342) Importer(815301076,1909f56bfc062723c751e8b465ee728b)
Start importing Assets/Laterns and candles/Shaders/GlassStainedBumpDistort.shader using Guid(963484209d11fd7f110076aa44295342) Importer(815301076,1909f56bfc062723c751e8b465ee728b)  -> (artifact id: '57b0a407aac100a017a0d9444336ec40') in 0.045488 seconds 
========================================================================
Received Import Request.
  Time since last request: 9.178997 seconds.
  path: Assets/Laterns and candles/Sprites
  artifactKey: Guid(6563b584ab328e540a7915484e7f8cbd) Importer(815301076,1909f56bfc062723c751e8b465ee728b)
Start importing Assets/Laterns and candles/Sprites using Guid(6563b584ab328e540a7915484e7f8cbd) Importer(815301076,1909f56bfc062723c751e8b465ee728b)  -> (artifact id: '32fee4619080bd018999fa6ae9f39acb') in 0.011271 seconds 
========================================================================
Received Import Request.
  Time since last request: 0.938056 seconds.
  path: Assets/Laterns and candles/Sprites/blue_flame.tif
  artifactKey: Guid(9b530529fca8558449c2af2b412dbcb9) Importer(815301076,1909f56bfc062723c751e8b465ee728b)
Start importing Assets/Laterns and candles/Sprites/blue_flame.tif using Guid(9b530529fca8558449c2af2b412dbcb9) Importer(815301076,1909f56bfc062723c751e8b465ee728b)  -> (artifact id: '27c8a831cd6e999b587124f98eb9c7d1') in 0.346136 seconds 
========================================================================
Received Import Request.
  Time since last request: 0.691877 seconds.
  path: Assets/Laterns and candles/Sprites/green_flame.anim
  artifactKey: Guid(35b65d803db138842a4f1be33587fc69) Importer(815301076,1909f56bfc062723c751e8b465ee728b)
Start importing Assets/Laterns and candles/Sprites/green_flame.anim using Guid(35b65d803db138842a4f1be33587fc69) Importer(815301076,1909f56bfc062723c751e8b465ee728b)  -> (artifact id: '9e784598107280ffb65b64a019c6e444') in 0.006113 seconds 
========================================================================
Received Import Request.
  Time since last request: 16.021626 seconds.
  path: Assets/Laterns and candles/scripts
  artifactKey: Guid(e2fcbeeb74fe9964ba6d8dde33d023ed) Importer(815301076,1909f56bfc062723c751e8b465ee728b)
Start importing Assets/Laterns and candles/scripts using Guid(e2fcbeeb74fe9964ba6d8dde33d023ed) Importer(815301076,1909f56bfc062723c751e8b465ee728b)  -> (artifact id: 'c45d39e8fb77c8ea1b67e9107ef54f7c') in 0.011750 seconds 
========================================================================
Received Import Request.
  Time since last request: 3.600199 seconds.
  path: Assets/Laterns and candles/textures
  artifactKey: Guid(28d53266e7fa22e40b3508c609db47a1) Importer(815301076,1909f56bfc062723c751e8b465ee728b)
Start importing Assets/Laterns and candles/textures using Guid(28d53266e7fa22e40b3508c609db47a1) Importer(815301076,1909f56bfc062723c751e8b465ee728b)  -> (artifact id: 'bd6aa1ebc48e8c79fdbaefcad963f4fb') in 0.011352 seconds 
========================================================================
Received Import Request.
  Time since last request: 0.117914 seconds.
  path: Assets/Laterns and candles/textures/albedo_transparent.psd
  artifactKey: Guid(ab754629dd160a140bd57bb516736b2a) Importer(815301076,1909f56bfc062723c751e8b465ee728b)
Start importing Assets/Laterns and candles/textures/albedo_transparent.psd using Guid(ab754629dd160a140bd57bb516736b2a) Importer(815301076,1909f56bfc062723c751e8b465ee728b)  -> (artifact id: '5f431333ead1bd39f395acd08a59c5f4') in 0.025483 seconds 
========================================================================
Received Import Request.
  Time since last request: 0.000028 seconds.
  path: Assets/Laterns and candles/textures/Candle [Normal].png
  artifactKey: Guid(a95106e16ef6d234f81030c5607b0906) Importer(815301076,1909f56bfc062723c751e8b465ee728b)
Start importing Assets/Laterns and candles/textures/Candle [Normal].png using Guid(a95106e16ef6d234f81030c5607b0906) Importer(815301076,1909f56bfc062723c751e8b465ee728b)  -> (artifact id: '262c811a34542606cb3b993b72fc11ca') in 0.053563 seconds 
========================================================================
Received Import Request.
  Time since last request: 0.000028 seconds.
  path: Assets/Laterns and candles/textures/Latern4 [Albedo].png
  artifactKey: Guid(c7e6f1cbc617b3d40a9aa26d6f57d886) Importer(815301076,1909f56bfc062723c751e8b465ee728b)
Start importing Assets/Laterns and candles/textures/Latern4 [Albedo].png using Guid(c7e6f1cbc617b3d40a9aa26d6f57d886) Importer(815301076,1909f56bfc062723c751e8b465ee728b)  -> (artifact id: 'dcf037111f6fb587da65d3d01774e25a') in 0.020396 seconds 
========================================================================
Received Import Request.
  Time since last request: 0.000030 seconds.
  path: Assets/Laterns and candles/textures/LampPost [Albedo].png
  artifactKey: Guid(813ba24223f316b469db57300a957156) Importer(815301076,1909f56bfc062723c751e8b465ee728b)
Start importing Assets/Laterns and candles/textures/LampPost [Albedo].png using Guid(813ba24223f316b469db57300a957156) Importer(815301076,1909f56bfc062723c751e8b465ee728b)  -> (artifact id: '7d5b344e2e8afae03f038fa740398971') in 0.025476 seconds 
========================================================================
Received Import Request.
  Time since last request: 0.000031 seconds.
  path: Assets/Laterns and candles/textures/CarvedLampPost [Normal].png
  artifactKey: Guid(182d8cf2696018f438b0324013039ba4) Importer(815301076,1909f56bfc062723c751e8b465ee728b)
Start importing Assets/Laterns and candles/textures/CarvedLampPost [Normal].png using Guid(182d8cf2696018f438b0324013039ba4) Importer(815301076,1909f56bfc062723c751e8b465ee728b)  -> (artifact id: '9def113a6e33f3af62745f2844c731ee') in 0.019859 seconds 
========================================================================
Received Import Request.
  Time since last request: 0.000037 seconds.
  path: Assets/Laterns and candles/textures/Candle2 [Specular].tif
  artifactKey: Guid(2488b7231f29a604b846afaf2cadfd98) Importer(815301076,1909f56bfc062723c751e8b465ee728b)
Start importing Assets/Laterns and candles/textures/Candle2 [Specular].tif using Guid(2488b7231f29a604b846afaf2cadfd98) Importer(815301076,1909f56bfc062723c751e8b465ee728b)  -> (artifact id: '1bbe49f0c4221bdd3b6037f1bc9a3088') in 0.017822 seconds 
========================================================================
Received Import Request.
  Time since last request: 0.000038 seconds.
  path: Assets/Laterns and candles/textures/CarvedLampPost2 [Normal].png
  artifactKey: Guid(db32dc5877f14134fbe0a6fb5d233db9) Importer(815301076,1909f56bfc062723c751e8b465ee728b)
Start importing Assets/Laterns and candles/textures/CarvedLampPost2 [Normal].png using Guid(db32dc5877f14134fbe0a6fb5d233db9) Importer(815301076,1909f56bfc062723c751e8b465ee728b)  -> (artifact id: 'aed178bffb7e790fa368cbbb9048fa82') in 0.022600 seconds 
========================================================================
Received Import Request.
  Time since last request: 0.000033 seconds.
  path: Assets/Laterns and candles/textures/LampPostWaLL [Albedo].png
  artifactKey: Guid(54eab09900d4cc5439f446b8ba302dd6) Importer(815301076,1909f56bfc062723c751e8b465ee728b)
Start importing Assets/Laterns and candles/textures/LampPostWaLL [Albedo].png using Guid(54eab09900d4cc5439f446b8ba302dd6) Importer(815301076,1909f56bfc062723c751e8b465ee728b)  -> (artifact id: '3af8468aff01142711eb3486458a953a') in 0.026274 seconds 
========================================================================
Received Import Request.
  Time since last request: 0.000036 seconds.
  path: Assets/Laterns and candles/textures/Candle3_greenEmission.png
  artifactKey: Guid(6f8a47ba753be0c44bb0f7e9e36bb68e) Importer(815301076,1909f56bfc062723c751e8b465ee728b)
Start importing Assets/Laterns and candles/textures/Candle3_greenEmission.png using Guid(6f8a47ba753be0c44bb0f7e9e36bb68e) Importer(815301076,1909f56bfc062723c751e8b465ee728b)  -> (artifact id: '2188612f7f34e79365bdcaf232327c0c') in 0.027508 seconds 
========================================================================
Received Import Request.
  Time since last request: 0.000027 seconds.
  path: Assets/Laterns and candles/textures/Latern2 [Albedo].png
  artifactKey: Guid(81d417afa0a09af4eb65f1415a4547b6) Importer(815301076,1909f56bfc062723c751e8b465ee728b)
Start importing Assets/Laterns and candles/textures/Latern2 [Albedo].png using Guid(81d417afa0a09af4eb65f1415a4547b6) Importer(815301076,1909f56bfc062723c751e8b465ee728b)  -> (artifact id: 'c23947b25049fd9570316aef810b2342') in 0.021049 seconds 
========================================================================
Received Import Request.
  Time since last request: 0.000036 seconds.
  path: Assets/Laterns and candles/textures/Latern3 [Normal].png
  artifactKey: Guid(21598aa9209b98a47bfe19c70935fe22) Importer(815301076,1909f56bfc062723c751e8b465ee728b)
Start importing Assets/Laterns and candles/textures/Latern3 [Normal].png using Guid(21598aa9209b98a47bfe19c70935fe22) Importer(815301076,1909f56bfc062723c751e8b465ee728b)  -> (artifact id: '2afa63368ba416a90cbd062ea8f53cdd') in 0.019810 seconds 
========================================================================
Received Import Request.
  Time since last request: 0.000042 seconds.
  path: Assets/Laterns and candles/textures/Latern4 [Specular].tif
  artifactKey: Guid(f1e95e7a1ddb541458450278b642bb36) Importer(815301076,1909f56bfc062723c751e8b465ee728b)
Start importing Assets/Laterns and candles/textures/Latern4 [Specular].tif using Guid(f1e95e7a1ddb541458450278b642bb36) Importer(815301076,1909f56bfc062723c751e8b465ee728b)  -> (artifact id: '6bb7ad8a6b541ff63c738bc2ecced483') in 0.023560 seconds 
========================================================================
Received Import Request.
  Time since last request: 0.000037 seconds.
  path: Assets/Laterns and candles/textures/Latern [Normal].png
  artifactKey: Guid(1f3f961ddbf6ab1498c610ce7f2b91cf) Importer(815301076,1909f56bfc062723c751e8b465ee728b)
Start importing Assets/Laterns and candles/textures/Latern [Normal].png using Guid(1f3f961ddbf6ab1498c610ce7f2b91cf) Importer(815301076,1909f56bfc062723c751e8b465ee728b)  -> (artifact id: 'e6fc708582d75105cad04414896940b4') in 0.025489 seconds 
========================================================================
Received Import Request.
  Time since last request: 0.000041 seconds.
  path: Assets/Laterns and candles/textures/Candle emission_blue.png
  artifactKey: Guid(73e66a3a2209d5443816b0ba7adf9025) Importer(815301076,1909f56bfc062723c751e8b465ee728b)
Start importing Assets/Laterns and candles/textures/Candle emission_blue.png using Guid(73e66a3a2209d5443816b0ba7adf9025) Importer(815301076,1909f56bfc062723c751e8b465ee728b)  -> (artifact id: '808fbd028c733f2f3e889ba14ea3deab') in 0.028269 seconds 
========================================================================
Received Import Request.
  Time since last request: 0.000031 seconds.
  path: Assets/Laterns and candles/textures/Candle3 [Normal].png
  artifactKey: Guid(50e46385f77553a408afed2a0a5cb0ac) Importer(815301076,1909f56bfc062723c751e8b465ee728b)
Start importing Assets/Laterns and candles/textures/Candle3 [Normal].png using Guid(50e46385f77553a408afed2a0a5cb0ac) Importer(815301076,1909f56bfc062723c751e8b465ee728b)  -> (artifact id: 'f1fa1b41901df1535beb14af971896a4') in 0.022180 seconds 
========================================================================
Received Import Request.
  Time since last request: 0.000036 seconds.
  path: Assets/Laterns and candles/textures/Glass5 [Normal].png
  artifactKey: Guid(20de9cc9282ab1c41a5672fad2d095a8) Importer(815301076,1909f56bfc062723c751e8b465ee728b)
Start importing Assets/Laterns and candles/textures/Glass5 [Normal].png using Guid(20de9cc9282ab1c41a5672fad2d095a8) Importer(815301076,1909f56bfc062723c751e8b465ee728b)  -> (artifact id: '344f242e66c373e8fbb87294ae3dcd05') in 0.022182 seconds 
========================================================================
Received Import Request.
  Time since last request: 0.000029 seconds.
  path: Assets/Laterns and candles/textures/Candle2 [Normal].png
  artifactKey: Guid(119fa3bb4e4e6c647aea2a4bfe0a2d30) Importer(815301076,1909f56bfc062723c751e8b465ee728b)
Start importing Assets/Laterns and candles/textures/Candle2 [Normal].png using Guid(119fa3bb4e4e6c647aea2a4bfe0a2d30) Importer(815301076,1909f56bfc062723c751e8b465ee728b)  -> (artifact id: '5c53c9c51de0280757c742595ad18a3d') in 0.021612 seconds 
========================================================================
Received Import Request.
  Time since last request: 0.000030 seconds.
  path: Assets/Laterns and candles/textures/Candle2 greenemission.png
  artifactKey: Guid(f724cc538f830e94daf2bf05fd90fbab) Importer(815301076,1909f56bfc062723c751e8b465ee728b)
Start importing Assets/Laterns and candles/textures/Candle2 greenemission.png using Guid(f724cc538f830e94daf2bf05fd90fbab) Importer(815301076,1909f56bfc062723c751e8b465ee728b)  -> (artifact id: 'ef7b93b8bb778e5e9728b6881ce06872') in 0.025589 seconds 
========================================================================
Received Import Request.
  Time since last request: 0.000029 seconds.
  path: Assets/Laterns and candles/textures/Glass2 [Albedo].psd
  artifactKey: Guid(e4be82f6cd8407948b0dc9afd5888253) Importer(815301076,1909f56bfc062723c751e8b465ee728b)
Start importing Assets/Laterns and candles/textures/Glass2 [Albedo].psd using Guid(e4be82f6cd8407948b0dc9afd5888253) Importer(815301076,1909f56bfc062723c751e8b465ee728b)  -> (artifact id: '574549145039ae43e7033793d927e456') in 0.027718 seconds 
========================================================================
Received Import Request.
  Time since last request: 0.000031 seconds.
  path: Assets/Laterns and candles/textures/Lustre [Albedo].png
  artifactKey: Guid(0735d87cd08486142912d8641d1f54d8) Importer(815301076,1909f56bfc062723c751e8b465ee728b)
Start importing Assets/Laterns and candles/textures/Lustre [Albedo].png using Guid(0735d87cd08486142912d8641d1f54d8) Importer(815301076,1909f56bfc062723c751e8b465ee728b)  -> (artifact id: 'b35c10f01788e88394956abf47a79562') in 0.020266 seconds 
========================================================================
Received Import Request.
  Time since last request: 0.000038 seconds.
  path: Assets/Laterns and candles/textures/Lattice [Specular].tif
  artifactKey: Guid(a19f6398a10e9be489c7ccc6400c7877) Importer(815301076,1909f56bfc062723c751e8b465ee728b)
Start importing Assets/Laterns and candles/textures/Lattice [Specular].tif using Guid(a19f6398a10e9be489c7ccc6400c7877) Importer(815301076,1909f56bfc062723c751e8b465ee728b)  -> (artifact id: '8f833cec18c99ed439ae7d1e90e265e2') in 0.028656 seconds 
========================================================================
Received Import Request.
  Time since last request: 0.000028 seconds.
  path: Assets/Laterns and candles/textures/LampPostWaLL [Specular].tif
  artifactKey: Guid(39538eac28a2a6d43b68dd10cb659e8d) Importer(815301076,1909f56bfc062723c751e8b465ee728b)
Start importing Assets/Laterns and candles/textures/LampPostWaLL [Specular].tif using Guid(39538eac28a2a6d43b68dd10cb659e8d) Importer(815301076,1909f56bfc062723c751e8b465ee728b)  -> (artifact id: '534b48e11ad7d2789b252b0a50572431') in 0.028563 seconds 
========================================================================
Received Import Request.
  Time since last request: 0.000030 seconds.
  path: Assets/Laterns and candles/textures/candlestick [Specular].tif
  artifactKey: Guid(f455c18315cd2a447b8e3224dbc13180) Importer(815301076,1909f56bfc062723c751e8b465ee728b)
Start importing Assets/Laterns and candles/textures/candlestick [Specular].tif using Guid(f455c18315cd2a447b8e3224dbc13180) Importer(815301076,1909f56bfc062723c751e8b465ee728b)  -> (artifact id: '1e7e0fe798136e5fd679f3943af4e27b') in 0.018383 seconds 
========================================================================
Received Import Request.
  Time since last request: 0.000029 seconds.
  path: Assets/Laterns and candles/textures/Glass3 [Albedo].psd
  artifactKey: Guid(bb8a24cf1ddf7e34c90620135691cd58) Importer(815301076,1909f56bfc062723c751e8b465ee728b)
Start importing Assets/Laterns and candles/textures/Glass3 [Albedo].psd using Guid(bb8a24cf1ddf7e34c90620135691cd58) Importer(815301076,1909f56bfc062723c751e8b465ee728b)  -> (artifact id: '4dc40c0ad6b2b44da450fd06e48c0eb1') in 0.020133 seconds 
========================================================================
Received Import Request.
  Time since last request: 0.000029 seconds.
  path: Assets/Laterns and candles/textures/Candle2 [Albedo].png
  artifactKey: Guid(e21011fce7663c14b86d62e5dac457ea) Importer(815301076,1909f56bfc062723c751e8b465ee728b)
Start importing Assets/Laterns and candles/textures/Candle2 [Albedo].png using Guid(e21011fce7663c14b86d62e5dac457ea) Importer(815301076,1909f56bfc062723c751e8b465ee728b)  -> (artifact id: '5918d21b49c032316fef687db6d4ac29') in 0.021858 seconds 
========================================================================
Received Import Request.
  Time since last request: 0.000029 seconds.
  path: Assets/Laterns and candles/textures/Latern3 [Specular].tif
  artifactKey: Guid(13ac542462456054da64dcb50ee6e204) Importer(815301076,1909f56bfc062723c751e8b465ee728b)
Start importing Assets/Laterns and candles/textures/Latern3 [Specular].tif using Guid(13ac542462456054da64dcb50ee6e204) Importer(815301076,1909f56bfc062723c751e8b465ee728b)  -> (artifact id: '052a9fdd123aa07cc3a2b1c9ed086c8b') in 0.023730 seconds 
========================================================================
Received Import Request.
  Time since last request: 0.000032 seconds.
  path: Assets/Laterns and candles/textures/Candle2 blueemission.png
  artifactKey: Guid(e5ac39a1629538847b64e266fbaf8a9d) Importer(815301076,1909f56bfc062723c751e8b465ee728b)
Start importing Assets/Laterns and candles/textures/Candle2 blueemission.png using Guid(e5ac39a1629538847b64e266fbaf8a9d) Importer(815301076,1909f56bfc062723c751e8b465ee728b)  -> (artifact id: 'fea49ab070ba288970a863a31030e289') in 0.027443 seconds 
========================================================================
Received Import Request.
  Time since last request: 0.000042 seconds.
  path: Assets/Laterns and candles/textures/Lattice [Normal].png
  artifactKey: Guid(6982785fa4d5649429b368fae2cece22) Importer(815301076,1909f56bfc062723c751e8b465ee728b)
Start importing Assets/Laterns and candles/textures/Lattice [Normal].png using Guid(6982785fa4d5649429b368fae2cece22) Importer(815301076,1909f56bfc062723c751e8b465ee728b)  -> (artifact id: 'e0e74e7ebf26163e98b438a86e380ba4') in 0.021725 seconds 
========================================================================
Received Import Request.
  Time since last request: 0.000040 seconds.
  path: Assets/Laterns and candles/textures/Candle3 [Specular].tif
  artifactKey: Guid(93fcb0abb7c119a42a554faef8e44dc2) Importer(815301076,1909f56bfc062723c751e8b465ee728b)
Start importing Assets/Laterns and candles/textures/Candle3 [Specular].tif using Guid(93fcb0abb7c119a42a554faef8e44dc2) Importer(815301076,1909f56bfc062723c751e8b465ee728b)  -> (artifact id: '2eb09cdfda3f9d4576078b4ed0b110de') in 0.022107 seconds 
========================================================================
Received Import Request.
  Time since last request: 0.000043 seconds.
  path: Assets/Laterns and candles/textures/Candle3 [Albedo].png
  artifactKey: Guid(6d4c95f2ed44b624bba9035788c5f883) Importer(815301076,1909f56bfc062723c751e8b465ee728b)
Start importing Assets/Laterns and candles/textures/Candle3 [Albedo].png using Guid(6d4c95f2ed44b624bba9035788c5f883) Importer(815301076,1909f56bfc062723c751e8b465ee728b)  -> (artifact id: '8ffa8a48046724e35fa180de2ceb2ce4') in 0.021928 seconds 
========================================================================
Received Import Request.
  Time since last request: 0.000029 seconds.
  path: Assets/Laterns and candles/textures/Candle emission_green 1.png
  artifactKey: Guid(aacd4e2ad027859479c951b93b2e67f0) Importer(815301076,1909f56bfc062723c751e8b465ee728b)
Start importing Assets/Laterns and candles/textures/Candle emission_green 1.png using Guid(aacd4e2ad027859479c951b93b2e67f0) Importer(815301076,1909f56bfc062723c751e8b465ee728b)  -> (artifact id: '7f214f1a13b801d81b0e277de6e80008') in 0.027166 seconds 
========================================================================
Received Import Request.
  Time since last request: 0.000029 seconds.
  path: Assets/Laterns and candles/textures/Candle [Specular].tif
  artifactKey: Guid(acf89a61fce384b4aa08863c75014119) Importer(815301076,1909f56bfc062723c751e8b465ee728b)
Start importing Assets/Laterns and candles/textures/Candle [Specular].tif using Guid(acf89a61fce384b4aa08863c75014119) Importer(815301076,1909f56bfc062723c751e8b465ee728b)  -> (artifact id: '14b528d895259d2728286bc4d4914902') in 0.019478 seconds 
========================================================================
Received Import Request.
  Time since last request: 0.000028 seconds.
  path: Assets/Laterns and candles/textures/Glass5 [Albedo].psd
  artifactKey: Guid(7cd45e54184b5d4439ae89c44b3886ed) Importer(815301076,1909f56bfc062723c751e8b465ee728b)
Start importing Assets/Laterns and candles/textures/Glass5 [Albedo].psd using Guid(7cd45e54184b5d4439ae89c44b3886ed) Importer(815301076,1909f56bfc062723c751e8b465ee728b)  -> (artifact id: '8e531db2f8cb516e29c3fbdc444884d4') in 0.020320 seconds 
========================================================================
Received Import Request.
  Time since last request: 0.000033 seconds.
  path: Assets/Laterns and candles/textures/Latern [Specular].tif
  artifactKey: Guid(ef6df256c6fad64479a78accd2bcecf7) Importer(815301076,1909f56bfc062723c751e8b465ee728b)
Start importing Assets/Laterns and candles/textures/Latern [Specular].tif using Guid(ef6df256c6fad64479a78accd2bcecf7) Importer(815301076,1909f56bfc062723c751e8b465ee728b)  -> (artifact id: 'a4e3f2347217f849c8323efa592311e4') in 0.020377 seconds 
========================================================================
Received Import Request.
  Time since last request: 0.000040 seconds.
  path: Assets/Laterns and candles/textures/chandelier [specular].tif
  artifactKey: Guid(70dd84a0bf2516745aaecd70432b5f00) Importer(815301076,1909f56bfc062723c751e8b465ee728b)
Start importing Assets/Laterns and candles/textures/chandelier [specular].tif using Guid(70dd84a0bf2516745aaecd70432b5f00) Importer(815301076,1909f56bfc062723c751e8b465ee728b)  -> (artifact id: '0300d82c50bb75147bd6508a5907ee2d') in 0.025756 seconds 
Editor requested this worker to shutdown with reason: Scaling down because of idle timeout
AssetImportWorker is now disconnected from the server
Process exiting
Exiting without the bug reporter. Application will terminate with return code 0