Using pre-set license
Built from '2021.3/staging' branch; Version is '2021.3.1f1 (3b70a0754835) revision 3895456'; Using compiler version '192829333'; Build Type 'Release'
OS: 'Windows 11  (10.0.22631) 64bit ProfessionalWorkstation' Language: 'en' Physical Memory: 65183 MB
BatchMode: 1, IsHumanControllingUs: 0, StartBugReporterOnCrash: 0, Is64bit: 1, IsPro: 1

COMMAND LINE ARGUMENTS:
C:\Program Files\Unity\Hub\Editor\2021.3.1f1\Editor\Unity.exe
-adb2
-batchMode
-noUpm
-name
AssetImportWorker2
-projectPath
D:/Users/Student/Aravind/F1 Circuit/VRproject/VR_Project
-logFile
Logs/AssetImportWorker2.log
-srvPort
50458
Successfully changed project path to: D:/Users/Student/Aravind/F1 Circuit/VRproject/VR_Project
D:/Users/Student/Aravind/F1 Circuit/VRproject/VR_Project
[UnityMemory] Configuration Parameters - Can be set up in boot.config
    "memorysetup-bucket-allocator-granularity=16"
    "memorysetup-bucket-allocator-bucket-count=8"
    "memorysetup-bucket-allocator-block-size=33554432"
    "memorysetup-bucket-allocator-block-count=8"
    "memorysetup-main-allocator-block-size=16777216"
    "memorysetup-thread-allocator-block-size=16777216"
    "memorysetup-gfx-main-allocator-block-size=16777216"
    "memorysetup-gfx-thread-allocator-block-size=16777216"
    "memorysetup-cache-allocator-block-size=4194304"
    "memorysetup-typetree-allocator-block-size=2097152"
    "memorysetup-profiler-bucket-allocator-granularity=16"
    "memorysetup-profiler-bucket-allocator-bucket-count=8"
    "memorysetup-profiler-bucket-allocator-block-size=33554432"
    "memorysetup-profiler-bucket-allocator-block-count=8"
    "memorysetup-profiler-allocator-block-size=16777216"
    "memorysetup-profiler-editor-allocator-block-size=1048576"
    "memorysetup-temp-allocator-size-main=16777216"
    "memorysetup-job-temp-allocator-block-size=2097152"
    "memorysetup-job-temp-allocator-block-size-background=1048576"
    "memorysetup-job-temp-allocator-reduction-small-platforms=262144"
    "memorysetup-temp-allocator-size-background-worker=32768"
    "memorysetup-temp-allocator-size-job-worker=262144"
    "memorysetup-temp-allocator-size-preload-manager=33554432"
    "memorysetup-temp-allocator-size-nav-mesh-worker=65536"
    "memorysetup-temp-allocator-size-audio-worker=65536"
    "memorysetup-temp-allocator-size-cloud-worker=32768"
    "memorysetup-temp-allocator-size-gi-baking-worker=262144"
    "memorysetup-temp-allocator-size-gfx=262144"
Refreshing native plugins compatible for Editor in 193.42 ms, found 12 plugins.
Preloading 1 native plugins for Editor in 1.37 ms.
Initialize engine version: 2021.3.1f1 (3b70a0754835)
[Subsystems] Discovering subsystems at path C:/Program Files/Unity/Hub/Editor/2021.3.1f1/Editor/Data/Resources/UnitySubsystems
[Subsystems] Discovering subsystems at path D:/Users/Student/Aravind/F1 Circuit/VRproject/VR_Project/Assets
GfxDevice: creating device client; threaded=0; jobified=0
Direct3D:
    Version:  Direct3D 11.0 [level 11.1]
    Renderer: NVIDIA GeForce RTX 3080 (ID=0x2216)
    Vendor:   NVIDIA
    VRAM:     10053 MB
    Driver:   32.0.15.6614
Initialize mono
Mono path[0] = 'C:/Program Files/Unity/Hub/Editor/2021.3.1f1/Editor/Data/Managed'
Mono path[1] = 'C:/Program Files/Unity/Hub/Editor/2021.3.1f1/Editor/Data/MonoBleedingEdge/lib/mono/unityjit-win32'
Mono config path = 'C:/Program Files/Unity/Hub/Editor/2021.3.1f1/Editor/Data/MonoBleedingEdge/etc'
Using monoOptions --debugger-agent=transport=dt_socket,embedding=1,server=y,suspend=n,address=127.0.0.1:56220
Begin MonoManager ReloadAssembly
Registering precompiled unity dll's ...
Register platform support module: C:/Program Files/Unity/Hub/Editor/2021.3.1f1/Editor/Data/PlaybackEngines/AndroidPlayer/UnityEditor.Android.Extensions.dll
Register platform support module: C:/Program Files/Unity/Hub/Editor/2021.3.1f1/Editor/Data/PlaybackEngines/WindowsStandaloneSupport/UnityEditor.WindowsStandalone.Extensions.dll
Registered in 0.008118 seconds.
Native extension for WindowsStandalone target not found
Native extension for Android target not found
Refreshing native plugins compatible for Editor in 177.72 ms, found 12 plugins.
Preloading 1 native plugins for Editor in 0.07 ms.
Mono: successfully reloaded assembly
- Completed reload, in  0.913 seconds
Domain Reload Profiling:
	ReloadAssembly (913ms)
		BeginReloadAssembly (94ms)
			ExecutionOrderSort (0ms)
			DisableScriptedObjects (0ms)
			BackupInstance (0ms)
			ReleaseScriptingObjects (0ms)
			CreateAndSetChildDomain (1ms)
		EndReloadAssembly (678ms)
			LoadAssemblies (92ms)
			RebuildTransferFunctionScriptingTraits (0ms)
			SetupTypeCache (142ms)
			ReleaseScriptCaches (0ms)
			RebuildScriptCaches (35ms)
			SetupLoadedEditorAssemblies (434ms)
				LogAssemblyErrors (0ms)
				InitializePlatformSupportModulesInManaged (71ms)
				SetLoadedEditorAssemblies (0ms)
				RefreshPlugins (178ms)
				BeforeProcessingInitializeOnLoad (2ms)
				ProcessInitializeOnLoadAttributes (126ms)
				ProcessInitializeOnLoadMethodAttributes (57ms)
				AfterProcessingInitializeOnLoad (0ms)
				EditorAssembliesLoaded (0ms)
			ExecutionOrderSort2 (0ms)
			AwakeInstancesAfterBackupRestoration (0ms)
Platform modules already initialized, skipping
Registering precompiled user dll's ...
Registered in 0.010142 seconds.
Android Extension - Scanning For ADB Devices 713 ms
Begin MonoManager ReloadAssembly
Symbol file LoadedFromMemory doesn't match image D:\Users\Student\Aravind\F1 Circuit\VRproject\VR_Project\Library\PackageCache\com.unity.visualscripting@1.7.6\Editor\VisualScripting.Core\Dependencies\DotNetZip\Unity.VisualScripting.IonicZip.dll
Symbol file LoadedFromMemory doesn't match image D:\Users\Student\Aravind\F1 Circuit\VRproject\VR_Project\Library\PackageCache\com.unity.visualscripting@1.7.6\Editor\VisualScripting.Core\Dependencies\YamlDotNet\Unity.VisualScripting.YamlDotNet.dll
Symbol file LoadedFromMemory is not a mono symbol file
Native extension for WindowsStandalone target not found
Native extension for Android target not found
Refreshing native plugins compatible for Editor in 182.23 ms, found 12 plugins.
Preloading 1 native plugins for Editor in 0.08 ms.
Package Manager log level set to [2]
System.Reflection.TargetInvocationException: Exception has been thrown by the target of an invocation. ---> System.NullReferenceException: Object reference not set to an instance of an object
  at Unity.XR.Oculus.OculusLoader.AssetPathToAbsolutePath (System.String assetPath) [0x0003d] in D:\Users\Student\Aravind\F1 Circuit\VRproject\VR_Project\Library\PackageCache\com.unity.xr.oculus@3.0.2\Runtime\OculusLoader.cs:271 
  at Unity.XR.Oculus.OculusLoader.EditorLoadOVRPlugin () [0x0007b] in D:\Users\Student\Aravind\F1 Circuit\VRproject\VR_Project\Library\PackageCache\com.unity.xr.oculus@3.0.2\Runtime\OculusLoader.cs:256 
  at (wrapper managed-to-native) System.Reflection.RuntimeMethodInfo.InternalInvoke(System.Reflection.RuntimeMethodInfo,object,object[],System.Exception&)
  at System.Reflection.RuntimeMethodInfo.Invoke (System.Object obj, System.Reflection.BindingFlags invokeAttr, System.Reflection.Binder binder, System.Object[] parameters, System.Globalization.CultureInfo culture) [0x0006a] in <6073cf49ed704e958b8a66d540dea948>:0 
   --- End of inner exception stack trace ---
  at System.Reflection.RuntimeMethodInfo.Invoke (System.Object obj, System.Reflection.BindingFlags invokeAttr, System.Reflection.Binder binder, System.Object[] parameters, System.Globalization.CultureInfo culture) [0x00083] in <6073cf49ed704e958b8a66d540dea948>:0 
  at System.Reflection.MethodBase.Invoke (System.Object obj, System.Object[] parameters) [0x00000] in <6073cf49ed704e958b8a66d540dea948>:0 
  at UnityEditor.EditorAssemblies.ProcessInitializeOnLoadMethodAttributes () [0x000a5] in <1135c66e5f4c41a7831fa5798849d8b6>:0 
UnityEngine.StackTraceUtility:ExtractStackTrace ()
UnityEngine.DebugLogHandler:LogFormat (UnityEngine.LogType,UnityEngine.Object,string,object[])
UnityEngine.Logger:Log (UnityEngine.LogType,object)
UnityEngine.Debug:LogError (object)
UnityEditor.EditorAssemblies:ProcessInitializeOnLoadMethodAttributes ()

Mono: successfully reloaded assembly
- Completed reload, in  2.070 seconds
Domain Reload Profiling:
	ReloadAssembly (2071ms)
		BeginReloadAssembly (152ms)
			ExecutionOrderSort (0ms)
			DisableScriptedObjects (7ms)
			BackupInstance (0ms)
			ReleaseScriptingObjects (0ms)
			CreateAndSetChildDomain (34ms)
		EndReloadAssembly (1771ms)
			LoadAssemblies (143ms)
			RebuildTransferFunctionScriptingTraits (0ms)
			SetupTypeCache (433ms)
			ReleaseScriptCaches (1ms)
			RebuildScriptCaches (96ms)
			SetupLoadedEditorAssemblies (1042ms)
				LogAssemblyErrors (0ms)
				InitializePlatformSupportModulesInManaged (16ms)
				SetLoadedEditorAssemblies (0ms)
				RefreshPlugins (182ms)
				BeforeProcessingInitializeOnLoad (180ms)
				ProcessInitializeOnLoadAttributes (531ms)
				ProcessInitializeOnLoadMethodAttributes (123ms)
				AfterProcessingInitializeOnLoad (9ms)
				EditorAssembliesLoaded (0ms)
			ExecutionOrderSort2 (0ms)
			AwakeInstancesAfterBackupRestoration (7ms)
Platform modules already initialized, skipping
========================================================================
Worker process is ready to serve import requests
Launched and connected shader compiler UnityShaderCompiler.exe after 0.05 seconds
Refreshing native plugins compatible for Editor in 1.77 ms, found 12 plugins.
Preloading 1 native plugins for Editor in 0.08 ms.
Unloading 6209 Unused Serialized files (Serialized files now loaded: 0)
Unloading 59 unused Assets / (0.7 MB). Loaded Objects now: 6679.
Memory consumption went from 294.7 MB to 293.9 MB.
Total: 6.568400 ms (FindLiveObjects: 0.717000 ms CreateObjectMapping: 0.727600 ms MarkObjects: 4.603100 ms  DeleteObjects: 0.519600 ms)

AssetImportParameters requested are different than current active one (requested -> active):
  custom:video-decoder-ogg-theora: a1e56fd34408186e4bbccfd4996cb3dc -> 
  custom:container-muxer-webm: aa71ff27fc2769a1b78a27578f13a17b -> 
  custom:container-demuxer-webm: 4f35f7cbe854078d1ac9338744f61a02 -> 
  custom:video-encoder-webm-vp8: eb34c28f22e8b96e1ab97ce403110664 -> 
  custom:video-codec-MediaFoundation-h265: 746d11721c4dcdbdad8f713fa42b33f4 -> 
  custom:audio-encoder-webm-vorbis: bf7c407c2cedff20999df2af8eb42d56 -> 
  custom:framework-win-MediaFoundation: 216162199b28c13a410421893ffa2e32 -> 
  custom:container-demuxer-ogg: 62fdf1f143b41e24485cea50d1cbac27 -> 
  custom:video-decoder-webm-vp8: 9c59270c3fd7afecdb556c50c9e8de78 -> 
  custom:audio-decoder-ogg-vorbis: bf7c407c2cedff20999df2af8eb42d56 -> 
========================================================================
Received Import Request.
  Time since last request: 1285038.843205 seconds.
  path: Assets/BloodDecalsAndEffects/BloodGushFX/Models
  artifactKey: Guid(2020a8281db94a740ba9bda537f567ec) Importer(815301076,1909f56bfc062723c751e8b465ee728b)
Start importing Assets/BloodDecalsAndEffects/BloodGushFX/Models using Guid(2020a8281db94a740ba9bda537f567ec) Importer(815301076,1909f56bfc062723c751e8b465ee728b)  -> (artifact id: 'b6b8cc510f5f58741d055966a1f4f2ec') in 0.023234 seconds 
========================================================================
Received Import Request.
  Time since last request: 0.008633 seconds.
  path: Assets/BloodDecalsAndEffects/BloodGushFX/Models/RockSet2.obj
  artifactKey: Guid(16de22c3bd0cb9947b0911a828f6c952) Importer(815301076,1909f56bfc062723c751e8b465ee728b)
Start importing Assets/BloodDecalsAndEffects/BloodGushFX/Models/RockSet2.obj using Guid(16de22c3bd0cb9947b0911a828f6c952) Importer(815301076,1909f56bfc062723c751e8b465ee728b)  -> (artifact id: 'b887d480314449c3cf70363a727f25a2') in 0.228592 seconds 
========================================================================
Received Import Request.
  Time since last request: 1.943349 seconds.
  path: Assets/BloodDecalsAndEffects/BloodGushFX/BloodGushFX
  artifactKey: Guid(03d4b47dda9338d49bcc4328b5bc3b8e) Importer(815301076,1909f56bfc062723c751e8b465ee728b)
Start importing Assets/BloodDecalsAndEffects/BloodGushFX/BloodGushFX using Guid(03d4b47dda9338d49bcc4328b5bc3b8e) Importer(815301076,1909f56bfc062723c751e8b465ee728b)  -> (artifact id: 'a8f9c14fb206e50992279ecae58de1a4') in 0.002348 seconds 
========================================================================
Received Import Request.
  Time since last request: 1.145501 seconds.
  path: Assets/BloodDecalsAndEffects/BloodGushFX/BloodGushFX/Materials
  artifactKey: Guid(b6306e0edb49a9d448cd3a806e7684a6) Importer(815301076,1909f56bfc062723c751e8b465ee728b)
Start importing Assets/BloodDecalsAndEffects/BloodGushFX/BloodGushFX/Materials using Guid(b6306e0edb49a9d448cd3a806e7684a6) Importer(815301076,1909f56bfc062723c751e8b465ee728b)  -> (artifact id: '4c8ee7a803b1c65ab054e21bb90f328f') in 0.002426 seconds 
========================================================================
Received Import Request.
  Time since last request: 0.064965 seconds.
  path: Assets/BloodDecalsAndEffects/BloodGushFX/BloodGushFX/Materials/BloodParticleA.mat
  artifactKey: Guid(94a55713ee628a245a74794f36a1b6f7) Importer(815301076,1909f56bfc062723c751e8b465ee728b)
Start importing Assets/BloodDecalsAndEffects/BloodGushFX/BloodGushFX/Materials/BloodParticleA.mat using Guid(94a55713ee628a245a74794f36a1b6f7) Importer(815301076,1909f56bfc062723c751e8b465ee728b)  -> (artifact id: '1a0467479ff282934e653548063e3a93') in 0.046233 seconds 
========================================================================
Received Import Request.
  Time since last request: 0.000026 seconds.
  path: Assets/BloodDecalsAndEffects/BloodGushFX/BloodGushFX/Materials/GreyscaleParticleB.mat
  artifactKey: Guid(690c48dc9c0f6924aab75be8de531f32) Importer(815301076,1909f56bfc062723c751e8b465ee728b)
Start importing Assets/BloodDecalsAndEffects/BloodGushFX/BloodGushFX/Materials/GreyscaleParticleB.mat using Guid(690c48dc9c0f6924aab75be8de531f32) Importer(815301076,1909f56bfc062723c751e8b465ee728b)  -> (artifact id: 'd9fa4ba591b9538635c171c0315ec939') in 0.019500 seconds 
========================================================================
Received Import Request.
  Time since last request: 0.885603 seconds.
  path: Assets/BloodDecalsAndEffects/BloodGushFX/BloodGushFX/Textures/BloodParticleFX_2.png
  artifactKey: Guid(d09c656d9fb6be74e8e35e449dd64558) Importer(815301076,1909f56bfc062723c751e8b465ee728b)
Start importing Assets/BloodDecalsAndEffects/BloodGushFX/BloodGushFX/Textures/BloodParticleFX_2.png using Guid(d09c656d9fb6be74e8e35e449dd64558) Importer(815301076,1909f56bfc062723c751e8b465ee728b)  -> (artifact id: '095a29caf5ccb2b849cf68be5d7c7d55') in 0.052901 seconds 
========================================================================
Received Import Request.
  Time since last request: 3.314519 seconds.
  path: Assets/BloodDecalsAndEffects/BloodGushFX/BloodGushFX/Textures/BloodParticleFX.png
  artifactKey: Guid(3103143b7f273b54e8e46b4f2f433163) Importer(815301076,1909f56bfc062723c751e8b465ee728b)
Start importing Assets/BloodDecalsAndEffects/BloodGushFX/BloodGushFX/Textures/BloodParticleFX.png using Guid(3103143b7f273b54e8e46b4f2f433163) Importer(815301076,1909f56bfc062723c751e8b465ee728b)  -> (artifact id: '312d8ff748a4c7f32f44a5f1ec8ca261') in 0.021522 seconds 
========================================================================
Received Import Request.
  Time since last request: 0.694040 seconds.
  path: Assets/BloodDecalsAndEffects/BloodGushFX/BloodGushFX/Textures/BloodParticleFX_1.png
  artifactKey: Guid(4b7ad1607a9e2294fa522cae628443d5) Importer(815301076,1909f56bfc062723c751e8b465ee728b)
Start importing Assets/BloodDecalsAndEffects/BloodGushFX/BloodGushFX/Textures/BloodParticleFX_1.png using Guid(4b7ad1607a9e2294fa522cae628443d5) Importer(815301076,1909f56bfc062723c751e8b465ee728b)  -> (artifact id: 'd0cebcff7dc97f011144535d051301ef') in 0.020370 seconds 
========================================================================
Received Import Request.
  Time since last request: 90.509099 seconds.
  path: Assets/BloodDecalsAndEffects/BloodGushFX/BloodGushFX/Textures/BloodParticleFX_1_greyScale.png
  artifactKey: Guid(0dd9fef3208aa7541b9e26f5243a0d0b) Importer(815301076,1909f56bfc062723c751e8b465ee728b)
Start importing Assets/BloodDecalsAndEffects/BloodGushFX/BloodGushFX/Textures/BloodParticleFX_1_greyScale.png using Guid(0dd9fef3208aa7541b9e26f5243a0d0b) Importer(815301076,1909f56bfc062723c751e8b465ee728b)  -> (artifact id: '615dcacaddd218e423fec7a7e6991f35') in 0.025731 seconds 
========================================================================
Received Import Request.
  Time since last request: 0.000026 seconds.
  path: Assets/BloodDecalsAndEffects/BloodGushFX/BloodGushFX/Textures/BloodParticleFX_greyscale.png
  artifactKey: Guid(679e4bb801c955544a4525d7df17f454) Importer(815301076,1909f56bfc062723c751e8b465ee728b)
Start importing Assets/BloodDecalsAndEffects/BloodGushFX/BloodGushFX/Textures/BloodParticleFX_greyscale.png using Guid(679e4bb801c955544a4525d7df17f454) Importer(815301076,1909f56bfc062723c751e8b465ee728b)  -> (artifact id: '17c9c4ce4f0b2acaa664418501c40b08') in 0.019793 seconds 
========================================================================
Received Prepare
Registering precompiled user dll's ...
Registered in 0.010132 seconds.
Begin MonoManager ReloadAssembly
Symbol file LoadedFromMemory doesn't match image D:\Users\Student\Aravind\F1 Circuit\VRproject\VR_Project\Library\PackageCache\com.unity.visualscripting@1.7.6\Editor\VisualScripting.Core\Dependencies\DotNetZip\Unity.VisualScripting.IonicZip.dll
Symbol file LoadedFromMemory doesn't match image D:\Users\Student\Aravind\F1 Circuit\VRproject\VR_Project\Library\PackageCache\com.unity.visualscripting@1.7.6\Editor\VisualScripting.Core\Dependencies\YamlDotNet\Unity.VisualScripting.YamlDotNet.dll
Symbol file LoadedFromMemory is not a mono symbol file
Native extension for WindowsStandalone target not found
Native extension for Android target not found
Refreshing native plugins compatible for Editor in 1.74 ms, found 12 plugins.
Preloading 1 native plugins for Editor in 0.08 ms.
System.Reflection.TargetInvocationException: Exception has been thrown by the target of an invocation. ---> System.NullReferenceException: Object reference not set to an instance of an object
  at Unity.XR.Oculus.OculusLoader.AssetPathToAbsolutePath (System.String assetPath) [0x0003d] in D:\Users\Student\Aravind\F1 Circuit\VRproject\VR_Project\Library\PackageCache\com.unity.xr.oculus@3.0.2\Runtime\OculusLoader.cs:271 
  at Unity.XR.Oculus.OculusLoader.EditorLoadOVRPlugin () [0x0007b] in D:\Users\Student\Aravind\F1 Circuit\VRproject\VR_Project\Library\PackageCache\com.unity.xr.oculus@3.0.2\Runtime\OculusLoader.cs:256 
  at (wrapper managed-to-native) System.Reflection.RuntimeMethodInfo.InternalInvoke(System.Reflection.RuntimeMethodInfo,object,object[],System.Exception&)
  at System.Reflection.RuntimeMethodInfo.Invoke (System.Object obj, System.Reflection.BindingFlags invokeAttr, System.Reflection.Binder binder, System.Object[] parameters, System.Globalization.CultureInfo culture) [0x0006a] in <6073cf49ed704e958b8a66d540dea948>:0 
   --- End of inner exception stack trace ---
  at System.Reflection.RuntimeMethodInfo.Invoke (System.Object obj, System.Reflection.BindingFlags invokeAttr, System.Reflection.Binder binder, System.Object[] parameters, System.Globalization.CultureInfo culture) [0x00083] in <6073cf49ed704e958b8a66d540dea948>:0 
  at System.Reflection.MethodBase.Invoke (System.Object obj, System.Object[] parameters) [0x00000] in <6073cf49ed704e958b8a66d540dea948>:0 
  at UnityEditor.EditorAssemblies.ProcessInitializeOnLoadMethodAttributes () [0x000a5] in <1135c66e5f4c41a7831fa5798849d8b6>:0 
UnityEngine.StackTraceUtility:ExtractStackTrace ()
UnityEngine.DebugLogHandler:LogFormat (UnityEngine.LogType,UnityEngine.Object,string,object[])
UnityEngine.Logger:Log (UnityEngine.LogType,object)
UnityEngine.Debug:LogError (object)
UnityEditor.EditorAssemblies:ProcessInitializeOnLoadMethodAttributes ()

Mono: successfully reloaded assembly
- Completed reload, in  1.754 seconds
Domain Reload Profiling:
	ReloadAssembly (1754ms)
		BeginReloadAssembly (188ms)
			ExecutionOrderSort (0ms)
			DisableScriptedObjects (5ms)
			BackupInstance (0ms)
			ReleaseScriptingObjects (0ms)
			CreateAndSetChildDomain (62ms)
		EndReloadAssembly (1438ms)
			LoadAssemblies (148ms)
			RebuildTransferFunctionScriptingTraits (0ms)
			SetupTypeCache (423ms)
			ReleaseScriptCaches (3ms)
			RebuildScriptCaches (62ms)
			SetupLoadedEditorAssemblies (747ms)
				LogAssemblyErrors (0ms)
				InitializePlatformSupportModulesInManaged (26ms)
				SetLoadedEditorAssemblies (1ms)
				RefreshPlugins (2ms)
				BeforeProcessingInitializeOnLoad (124ms)
				ProcessInitializeOnLoadAttributes (467ms)
				ProcessInitializeOnLoadMethodAttributes (117ms)
				AfterProcessingInitializeOnLoad (11ms)
				EditorAssembliesLoaded (0ms)
			ExecutionOrderSort2 (0ms)
			AwakeInstancesAfterBackupRestoration (8ms)
Platform modules already initialized, skipping
Refreshing native plugins compatible for Editor in 6.49 ms, found 12 plugins.
Preloading 1 native plugins for Editor in 0.07 ms.
Unloading 6082 Unused Serialized files (Serialized files now loaded: 0)
Unloading 49 unused Assets / (0.7 MB). Loaded Objects now: 6727.
Memory consumption went from 326.1 MB to 325.4 MB.
Total: 6.070100 ms (FindLiveObjects: 0.672500 ms CreateObjectMapping: 0.549500 ms MarkObjects: 4.392000 ms  DeleteObjects: 0.454600 ms)

AssetImportParameters requested are different than current active one (requested -> active):
  custom:video-decoder-ogg-theora: a1e56fd34408186e4bbccfd4996cb3dc -> 
  custom:container-muxer-webm: aa71ff27fc2769a1b78a27578f13a17b -> 
  custom:container-demuxer-webm: 4f35f7cbe854078d1ac9338744f61a02 -> 
  custom:video-encoder-webm-vp8: eb34c28f22e8b96e1ab97ce403110664 -> 
  custom:video-codec-MediaFoundation-h265: 746d11721c4dcdbdad8f713fa42b33f4 -> 
  custom:audio-encoder-webm-vorbis: bf7c407c2cedff20999df2af8eb42d56 -> 
  custom:framework-win-MediaFoundation: 216162199b28c13a410421893ffa2e32 -> 
  custom:container-demuxer-ogg: 62fdf1f143b41e24485cea50d1cbac27 -> 
  custom:video-decoder-webm-vp8: 9c59270c3fd7afecdb556c50c9e8de78 -> 
  custom:audio-decoder-ogg-vorbis: bf7c407c2cedff20999df2af8eb42d56 -> 
========================================================================
Received Prepare
Registering precompiled user dll's ...
Registered in 0.009306 seconds.
Begin MonoManager ReloadAssembly
Symbol file LoadedFromMemory doesn't match image D:\Users\Student\Aravind\F1 Circuit\VRproject\VR_Project\Library\PackageCache\com.unity.visualscripting@1.7.6\Editor\VisualScripting.Core\Dependencies\DotNetZip\Unity.VisualScripting.IonicZip.dll
Symbol file LoadedFromMemory doesn't match image D:\Users\Student\Aravind\F1 Circuit\VRproject\VR_Project\Library\PackageCache\com.unity.visualscripting@1.7.6\Editor\VisualScripting.Core\Dependencies\YamlDotNet\Unity.VisualScripting.YamlDotNet.dll
Symbol file LoadedFromMemory is not a mono symbol file
Native extension for WindowsStandalone target not found
Native extension for Android target not found
Refreshing native plugins compatible for Editor in 1.94 ms, found 12 plugins.
Preloading 1 native plugins for Editor in 0.09 ms.
System.Reflection.TargetInvocationException: Exception has been thrown by the target of an invocation. ---> System.NullReferenceException: Object reference not set to an instance of an object
  at Unity.XR.Oculus.OculusLoader.AssetPathToAbsolutePath (System.String assetPath) [0x0003d] in D:\Users\Student\Aravind\F1 Circuit\VRproject\VR_Project\Library\PackageCache\com.unity.xr.oculus@3.0.2\Runtime\OculusLoader.cs:271 
  at Unity.XR.Oculus.OculusLoader.EditorLoadOVRPlugin () [0x0007b] in D:\Users\Student\Aravind\F1 Circuit\VRproject\VR_Project\Library\PackageCache\com.unity.xr.oculus@3.0.2\Runtime\OculusLoader.cs:256 
  at (wrapper managed-to-native) System.Reflection.RuntimeMethodInfo.InternalInvoke(System.Reflection.RuntimeMethodInfo,object,object[],System.Exception&)
  at System.Reflection.RuntimeMethodInfo.Invoke (System.Object obj, System.Reflection.BindingFlags invokeAttr, System.Reflection.Binder binder, System.Object[] parameters, System.Globalization.CultureInfo culture) [0x0006a] in <6073cf49ed704e958b8a66d540dea948>:0 
   --- End of inner exception stack trace ---
  at System.Reflection.RuntimeMethodInfo.Invoke (System.Object obj, System.Reflection.BindingFlags invokeAttr, System.Reflection.Binder binder, System.Object[] parameters, System.Globalization.CultureInfo culture) [0x00083] in <6073cf49ed704e958b8a66d540dea948>:0 
  at System.Reflection.MethodBase.Invoke (System.Object obj, System.Object[] parameters) [0x00000] in <6073cf49ed704e958b8a66d540dea948>:0 
  at UnityEditor.EditorAssemblies.ProcessInitializeOnLoadMethodAttributes () [0x000a5] in <1135c66e5f4c41a7831fa5798849d8b6>:0 
UnityEngine.StackTraceUtility:ExtractStackTrace ()
UnityEngine.DebugLogHandler:LogFormat (UnityEngine.LogType,UnityEngine.Object,string,object[])
UnityEngine.Logger:Log (UnityEngine.LogType,object)
UnityEngine.Debug:LogError (object)
UnityEditor.EditorAssemblies:ProcessInitializeOnLoadMethodAttributes ()

Mono: successfully reloaded assembly
- Completed reload, in  1.750 seconds
Domain Reload Profiling:
	ReloadAssembly (1751ms)
		BeginReloadAssembly (180ms)
			ExecutionOrderSort (0ms)
			DisableScriptedObjects (6ms)
			BackupInstance (0ms)
			ReleaseScriptingObjects (0ms)
			CreateAndSetChildDomain (58ms)
		EndReloadAssembly (1446ms)
			LoadAssemblies (143ms)
			RebuildTransferFunctionScriptingTraits (0ms)
			SetupTypeCache (431ms)
			ReleaseScriptCaches (3ms)
			RebuildScriptCaches (62ms)
			SetupLoadedEditorAssemblies (753ms)
				LogAssemblyErrors (0ms)
				InitializePlatformSupportModulesInManaged (27ms)
				SetLoadedEditorAssemblies (1ms)
				RefreshPlugins (2ms)
				BeforeProcessingInitializeOnLoad (125ms)
				ProcessInitializeOnLoadAttributes (468ms)
				ProcessInitializeOnLoadMethodAttributes (119ms)
				AfterProcessingInitializeOnLoad (12ms)
				EditorAssembliesLoaded (0ms)
			ExecutionOrderSort2 (0ms)
			AwakeInstancesAfterBackupRestoration (7ms)
Platform modules already initialized, skipping
Refreshing native plugins compatible for Editor in 7.55 ms, found 12 plugins.
Preloading 1 native plugins for Editor in 0.07 ms.
Unloading 6082 Unused Serialized files (Serialized files now loaded: 0)
Unloading 49 unused Assets / (0.7 MB). Loaded Objects now: 6731.
Memory consumption went from 326.1 MB to 325.4 MB.
Total: 7.158500 ms (FindLiveObjects: 0.636300 ms CreateObjectMapping: 0.568300 ms MarkObjects: 5.487000 ms  DeleteObjects: 0.464600 ms)

AssetImportParameters requested are different than current active one (requested -> active):
  custom:video-decoder-ogg-theora: a1e56fd34408186e4bbccfd4996cb3dc -> 
  custom:container-muxer-webm: aa71ff27fc2769a1b78a27578f13a17b -> 
  custom:container-demuxer-webm: 4f35f7cbe854078d1ac9338744f61a02 -> 
  custom:video-encoder-webm-vp8: eb34c28f22e8b96e1ab97ce403110664 -> 
  custom:video-codec-MediaFoundation-h265: 746d11721c4dcdbdad8f713fa42b33f4 -> 
  custom:audio-encoder-webm-vorbis: bf7c407c2cedff20999df2af8eb42d56 -> 
  custom:framework-win-MediaFoundation: 216162199b28c13a410421893ffa2e32 -> 
  custom:container-demuxer-ogg: 62fdf1f143b41e24485cea50d1cbac27 -> 
  custom:video-decoder-webm-vp8: 9c59270c3fd7afecdb556c50c9e8de78 -> 
  custom:audio-decoder-ogg-vorbis: bf7c407c2cedff20999df2af8eb42d56 -> 
========================================================================
Received Prepare
Registering precompiled user dll's ...
Registered in 0.010001 seconds.
Begin MonoManager ReloadAssembly
Symbol file LoadedFromMemory doesn't match image D:\Users\Student\Aravind\F1 Circuit\VRproject\VR_Project\Library\PackageCache\com.unity.visualscripting@1.7.6\Editor\VisualScripting.Core\Dependencies\DotNetZip\Unity.VisualScripting.IonicZip.dll
Symbol file LoadedFromMemory doesn't match image D:\Users\Student\Aravind\F1 Circuit\VRproject\VR_Project\Library\PackageCache\com.unity.visualscripting@1.7.6\Editor\VisualScripting.Core\Dependencies\YamlDotNet\Unity.VisualScripting.YamlDotNet.dll
Symbol file LoadedFromMemory is not a mono symbol file
Native extension for WindowsStandalone target not found
Native extension for Android target not found
Refreshing native plugins compatible for Editor in 1.90 ms, found 12 plugins.
Preloading 1 native plugins for Editor in 0.09 ms.
System.Reflection.TargetInvocationException: Exception has been thrown by the target of an invocation. ---> System.NullReferenceException: Object reference not set to an instance of an object
  at Unity.XR.Oculus.OculusLoader.AssetPathToAbsolutePath (System.String assetPath) [0x0003d] in D:\Users\Student\Aravind\F1 Circuit\VRproject\VR_Project\Library\PackageCache\com.unity.xr.oculus@3.0.2\Runtime\OculusLoader.cs:271 
  at Unity.XR.Oculus.OculusLoader.EditorLoadOVRPlugin () [0x0007b] in D:\Users\Student\Aravind\F1 Circuit\VRproject\VR_Project\Library\PackageCache\com.unity.xr.oculus@3.0.2\Runtime\OculusLoader.cs:256 
  at (wrapper managed-to-native) System.Reflection.RuntimeMethodInfo.InternalInvoke(System.Reflection.RuntimeMethodInfo,object,object[],System.Exception&)
  at System.Reflection.RuntimeMethodInfo.Invoke (System.Object obj, System.Reflection.BindingFlags invokeAttr, System.Reflection.Binder binder, System.Object[] parameters, System.Globalization.CultureInfo culture) [0x0006a] in <6073cf49ed704e958b8a66d540dea948>:0 
   --- End of inner exception stack trace ---
  at System.Reflection.RuntimeMethodInfo.Invoke (System.Object obj, System.Reflection.BindingFlags invokeAttr, System.Reflection.Binder binder, System.Object[] parameters, System.Globalization.CultureInfo culture) [0x00083] in <6073cf49ed704e958b8a66d540dea948>:0 
  at System.Reflection.MethodBase.Invoke (System.Object obj, System.Object[] parameters) [0x00000] in <6073cf49ed704e958b8a66d540dea948>:0 
  at UnityEditor.EditorAssemblies.ProcessInitializeOnLoadMethodAttributes () [0x000a5] in <1135c66e5f4c41a7831fa5798849d8b6>:0 
UnityEngine.StackTraceUtility:ExtractStackTrace ()
UnityEngine.DebugLogHandler:LogFormat (UnityEngine.LogType,UnityEngine.Object,string,object[])
UnityEngine.Logger:Log (UnityEngine.LogType,object)
UnityEngine.Debug:LogError (object)
UnityEditor.EditorAssemblies:ProcessInitializeOnLoadMethodAttributes ()

Mono: successfully reloaded assembly
- Completed reload, in  1.770 seconds
Domain Reload Profiling:
	ReloadAssembly (1771ms)
		BeginReloadAssembly (178ms)
			ExecutionOrderSort (0ms)
			DisableScriptedObjects (6ms)
			BackupInstance (0ms)
			ReleaseScriptingObjects (0ms)
			CreateAndSetChildDomain (56ms)
		EndReloadAssembly (1464ms)
			LoadAssemblies (142ms)
			RebuildTransferFunctionScriptingTraits (0ms)
			SetupTypeCache (426ms)
			ReleaseScriptCaches (3ms)
			RebuildScriptCaches (62ms)
			SetupLoadedEditorAssemblies (770ms)
				LogAssemblyErrors (0ms)
				InitializePlatformSupportModulesInManaged (27ms)
				SetLoadedEditorAssemblies (1ms)
				RefreshPlugins (2ms)
				BeforeProcessingInitializeOnLoad (130ms)
				ProcessInitializeOnLoadAttributes (479ms)
				ProcessInitializeOnLoadMethodAttributes (121ms)
				AfterProcessingInitializeOnLoad (10ms)
				EditorAssembliesLoaded (0ms)
			ExecutionOrderSort2 (0ms)
			AwakeInstancesAfterBackupRestoration (10ms)
Platform modules already initialized, skipping
Refreshing native plugins compatible for Editor in 7.03 ms, found 12 plugins.
Preloading 1 native plugins for Editor in 0.07 ms.
Unloading 6082 Unused Serialized files (Serialized files now loaded: 0)
Unloading 49 unused Assets / (0.7 MB). Loaded Objects now: 6735.
Memory consumption went from 326.1 MB to 325.4 MB.
Total: 6.076700 ms (FindLiveObjects: 0.647000 ms CreateObjectMapping: 0.554800 ms MarkObjects: 4.402400 ms  DeleteObjects: 0.470500 ms)

AssetImportParameters requested are different than current active one (requested -> active):
  custom:video-decoder-ogg-theora: a1e56fd34408186e4bbccfd4996cb3dc -> 
  custom:container-muxer-webm: aa71ff27fc2769a1b78a27578f13a17b -> 
  custom:container-demuxer-webm: 4f35f7cbe854078d1ac9338744f61a02 -> 
  custom:video-encoder-webm-vp8: eb34c28f22e8b96e1ab97ce403110664 -> 
  custom:video-codec-MediaFoundation-h265: 746d11721c4dcdbdad8f713fa42b33f4 -> 
  custom:audio-encoder-webm-vorbis: bf7c407c2cedff20999df2af8eb42d56 -> 
  custom:framework-win-MediaFoundation: 216162199b28c13a410421893ffa2e32 -> 
  custom:container-demuxer-ogg: 62fdf1f143b41e24485cea50d1cbac27 -> 
  custom:video-decoder-webm-vp8: 9c59270c3fd7afecdb556c50c9e8de78 -> 
  custom:audio-decoder-ogg-vorbis: bf7c407c2cedff20999df2af8eb42d56 -> 
========================================================================
Received Import Request.
  Time since last request: 422.555483 seconds.
  path: Assets/Characters/Ch30_nonPBR@Standing Idle.fbx
  artifactKey: Guid(712edd9af3b265844a93581a058f6d3b) Importer(815301076,1909f56bfc062723c751e8b465ee728b)
Start importing Assets/Characters/Ch30_nonPBR@Standing Idle.fbx using Guid(712edd9af3b265844a93581a058f6d3b) Importer(815301076,1909f56bfc062723c751e8b465ee728b)  -> (artifact id: 'aef56d0e16f67372852e72ed3e1802e8') in 0.063728 seconds 
========================================================================
Received Import Request.
  Time since last request: 0.001952 seconds.
  path: Assets/Characters/Ch30_1001_Glossiness.png
  artifactKey: Guid(0483363b87d94cd4499ce5b5f34ab692) Importer(815301076,1909f56bfc062723c751e8b465ee728b)
Start importing Assets/Characters/Ch30_1001_Glossiness.png using Guid(0483363b87d94cd4499ce5b5f34ab692) Importer(815301076,1909f56bfc062723c751e8b465ee728b)  -> (artifact id: '21396a69371db953c975323ebbfaa1b6') in 0.043144 seconds 
========================================================================
Received Import Request.
  Time since last request: 0.000051 seconds.
  path: Assets/Characters/Ch30_1002_Glossiness.png
  artifactKey: Guid(ef58e85f61d754e41b5ed5c1e5b6b180) Importer(815301076,1909f56bfc062723c751e8b465ee728b)
Start importing Assets/Characters/Ch30_1002_Glossiness.png using Guid(ef58e85f61d754e41b5ed5c1e5b6b180) Importer(815301076,1909f56bfc062723c751e8b465ee728b)  -> (artifact id: 'bee05368c17a6cd953f9887b74427d57') in 0.025031 seconds 
========================================================================
Received Import Request.
  Time since last request: 0.000042 seconds.
  path: Assets/Characters/Remy@Stand Up.fbx
  artifactKey: Guid(652aa43db9d94a648a311753dac6b568) Importer(815301076,1909f56bfc062723c751e8b465ee728b)
Start importing Assets/Characters/Remy@Stand Up.fbx using Guid(652aa43db9d94a648a311753dac6b568) Importer(815301076,1909f56bfc062723c751e8b465ee728b)  -> (artifact id: '58090de5df765f9c49bf1458bd82276c') in 0.308105 seconds 
========================================================================
Received Import Request.
  Time since last request: 0.000032 seconds.
  path: Assets/Characters/Ch30_1001_Normal.png
  artifactKey: Guid(cb61e25d05fc56b48bd346d1de042eeb) Importer(815301076,1909f56bfc062723c751e8b465ee728b)
Start importing Assets/Characters/Ch30_1001_Normal.png using Guid(cb61e25d05fc56b48bd346d1de042eeb) Importer(815301076,1909f56bfc062723c751e8b465ee728b)  -> (artifact id: '7a59ac2d9a58123bee83007ee84bf3e8') in 0.028314 seconds 
========================================================================
Received Import Request.
  Time since last request: 0.000040 seconds.
  path: Assets/Characters/Ch30_1002_Normal.png
  artifactKey: Guid(06a071543c823ef4aac1d4cb9727be96) Importer(815301076,1909f56bfc062723c751e8b465ee728b)
Start importing Assets/Characters/Ch30_1002_Normal.png using Guid(06a071543c823ef4aac1d4cb9727be96) Importer(815301076,1909f56bfc062723c751e8b465ee728b)  -> (artifact id: 'cbb08787b99b5ca8bf7e1b57981b405b') in 0.027544 seconds 
========================================================================
Received Import Request.
  Time since last request: 0.000028 seconds.
  path: Assets/Characters/Ch30_1002_Diffuse.png
  artifactKey: Guid(d5dd97c0c58f2194ca96f0276474c6ba) Importer(815301076,1909f56bfc062723c751e8b465ee728b)
Start importing Assets/Characters/Ch30_1002_Diffuse.png using Guid(d5dd97c0c58f2194ca96f0276474c6ba) Importer(815301076,1909f56bfc062723c751e8b465ee728b)  -> (artifact id: '1d57a0a5ac4c1fb9926ac743892e29d3') in 0.023710 seconds 
========================================================================
Received Import Request.
  Time since last request: 0.000029 seconds.
  path: Assets/Characters/Ch30_1002_Specular.png
  artifactKey: Guid(799edb67ac14d0a49beeed8cdb3006e2) Importer(815301076,1909f56bfc062723c751e8b465ee728b)
Start importing Assets/Characters/Ch30_1002_Specular.png using Guid(799edb67ac14d0a49beeed8cdb3006e2) Importer(815301076,1909f56bfc062723c751e8b465ee728b)  -> (artifact id: 'c4f642b6d3a465198454c692cb7e1352') in 0.020506 seconds 
========================================================================
Received Prepare
Registering precompiled user dll's ...
Registered in 0.012800 seconds.
Begin MonoManager ReloadAssembly
Symbol file LoadedFromMemory doesn't match image D:\Users\Student\Aravind\F1 Circuit\VRproject\VR_Project\Library\PackageCache\com.unity.visualscripting@1.7.6\Editor\VisualScripting.Core\Dependencies\DotNetZip\Unity.VisualScripting.IonicZip.dll
Symbol file LoadedFromMemory doesn't match image D:\Users\Student\Aravind\F1 Circuit\VRproject\VR_Project\Library\PackageCache\com.unity.visualscripting@1.7.6\Editor\VisualScripting.Core\Dependencies\YamlDotNet\Unity.VisualScripting.YamlDotNet.dll
Symbol file LoadedFromMemory is not a mono symbol file
Native extension for WindowsStandalone target not found
Native extension for Android target not found
Refreshing native plugins compatible for Editor in 1.64 ms, found 12 plugins.
Preloading 1 native plugins for Editor in 0.08 ms.
System.Reflection.TargetInvocationException: Exception has been thrown by the target of an invocation. ---> System.NullReferenceException: Object reference not set to an instance of an object
  at Unity.XR.Oculus.OculusLoader.AssetPathToAbsolutePath (System.String assetPath) [0x0003d] in D:\Users\Student\Aravind\F1 Circuit\VRproject\VR_Project\Library\PackageCache\com.unity.xr.oculus@3.0.2\Runtime\OculusLoader.cs:271 
  at Unity.XR.Oculus.OculusLoader.EditorLoadOVRPlugin () [0x0007b] in D:\Users\Student\Aravind\F1 Circuit\VRproject\VR_Project\Library\PackageCache\com.unity.xr.oculus@3.0.2\Runtime\OculusLoader.cs:256 
  at (wrapper managed-to-native) System.Reflection.RuntimeMethodInfo.InternalInvoke(System.Reflection.RuntimeMethodInfo,object,object[],System.Exception&)
  at System.Reflection.RuntimeMethodInfo.Invoke (System.Object obj, System.Reflection.BindingFlags invokeAttr, System.Reflection.Binder binder, System.Object[] parameters, System.Globalization.CultureInfo culture) [0x0006a] in <6073cf49ed704e958b8a66d540dea948>:0 
   --- End of inner exception stack trace ---
  at System.Reflection.RuntimeMethodInfo.Invoke (System.Object obj, System.Reflection.BindingFlags invokeAttr, System.Reflection.Binder binder, System.Object[] parameters, System.Globalization.CultureInfo culture) [0x00083] in <6073cf49ed704e958b8a66d540dea948>:0 
  at System.Reflection.MethodBase.Invoke (System.Object obj, System.Object[] parameters) [0x00000] in <6073cf49ed704e958b8a66d540dea948>:0 
  at UnityEditor.EditorAssemblies.ProcessInitializeOnLoadMethodAttributes () [0x000a5] in <1135c66e5f4c41a7831fa5798849d8b6>:0 
UnityEngine.StackTraceUtility:ExtractStackTrace ()
UnityEngine.DebugLogHandler:LogFormat (UnityEngine.LogType,UnityEngine.Object,string,object[])
UnityEngine.Logger:Log (UnityEngine.LogType,object)
UnityEngine.Debug:LogError (object)
UnityEditor.EditorAssemblies:ProcessInitializeOnLoadMethodAttributes ()

Mono: successfully reloaded assembly
- Completed reload, in  1.814 seconds
Domain Reload Profiling:
	ReloadAssembly (1815ms)
		BeginReloadAssembly (200ms)
			ExecutionOrderSort (0ms)
			DisableScriptedObjects (5ms)
			BackupInstance (0ms)
			ReleaseScriptingObjects (0ms)
			CreateAndSetChildDomain (65ms)
		EndReloadAssembly (1484ms)
			LoadAssemblies (162ms)
			RebuildTransferFunctionScriptingTraits (0ms)
			SetupTypeCache (437ms)
			ReleaseScriptCaches (3ms)
			RebuildScriptCaches (63ms)
			SetupLoadedEditorAssemblies (773ms)
				LogAssemblyErrors (0ms)
				InitializePlatformSupportModulesInManaged (26ms)
				SetLoadedEditorAssemblies (1ms)
				RefreshPlugins (2ms)
				BeforeProcessingInitializeOnLoad (128ms)
				ProcessInitializeOnLoadAttributes (488ms)
				ProcessInitializeOnLoadMethodAttributes (118ms)
				AfterProcessingInitializeOnLoad (11ms)
				EditorAssembliesLoaded (0ms)
			ExecutionOrderSort2 (0ms)
			AwakeInstancesAfterBackupRestoration (9ms)
Platform modules already initialized, skipping
Refreshing native plugins compatible for Editor in 12.27 ms, found 12 plugins.
Preloading 1 native plugins for Editor in 0.11 ms.
Unloading 6082 Unused Serialized files (Serialized files now loaded: 0)
Unloading 49 unused Assets / (0.7 MB). Loaded Objects now: 6742.
Memory consumption went from 338.8 MB to 338.2 MB.
Total: 11.274300 ms (FindLiveObjects: 1.317100 ms CreateObjectMapping: 1.118000 ms MarkObjects: 8.044700 ms  DeleteObjects: 0.791000 ms)

AssetImportParameters requested are different than current active one (requested -> active):
  custom:video-decoder-ogg-theora: a1e56fd34408186e4bbccfd4996cb3dc -> 
  custom:container-muxer-webm: aa71ff27fc2769a1b78a27578f13a17b -> 
  custom:container-demuxer-webm: 4f35f7cbe854078d1ac9338744f61a02 -> 
  custom:video-encoder-webm-vp8: eb34c28f22e8b96e1ab97ce403110664 -> 
  custom:video-codec-MediaFoundation-h265: 746d11721c4dcdbdad8f713fa42b33f4 -> 
  custom:audio-encoder-webm-vorbis: bf7c407c2cedff20999df2af8eb42d56 -> 
  custom:framework-win-MediaFoundation: 216162199b28c13a410421893ffa2e32 -> 
  custom:container-demuxer-ogg: 62fdf1f143b41e24485cea50d1cbac27 -> 
  custom:video-decoder-webm-vp8: 9c59270c3fd7afecdb556c50c9e8de78 -> 
  custom:audio-decoder-ogg-vorbis: bf7c407c2cedff20999df2af8eb42d56 -> 
Editor requested this worker to shutdown with reason: Scaling down because of idle timeout
AssetImportWorker is now disconnected from the server
Process exiting
Exiting without the bug reporter. Application will terminate with return code 0